Running: C:\Xilinx\14.7\ISE_DS\ISE\bin\nt64\unwrapped\fuse.exe -intstyle ise -incremental -lib unisims_ver -lib unimacro_ver -lib xilinxcorelib_ver -lib secureip -o Z:/FPGA/SELECTOR/T_SELECTOR_isim_beh.exe -prj Z:/FPGA/SELECTOR/T_SELECTOR_beh.prj work.T_SELECTOR work.glbl 
ISim P.20131013 (signature 0x7708f090)
Number of CPUs detected in this system: 8
Turning on mult-threading, number of parallel sub-compilation jobs: 16 
Determining compilation order of HDL files
Analyzing Verilog file "Z:/FPGA/SELECTOR/SELECTOR.vf" into library work
Analyzing Verilog file "Z:/FPGA/SELECTOR/T_SELECTOR.v" into library work
Analyzing Verilog file "C:/Xilinx/14.7/ISE_DS/ISE//verilog/src/glbl.v" into library work
Starting static elaboration
Completed static elaboration
Compiling module NOR2
Compiling module SELECTOR
Compiling module T_SELECTOR
Compiling module glbl
Time Resolution for simulation is 1ps.
Waiting for 1 sub-compilation(s) to finish...
Compiled 4 Verilog Units
Built simulation executable Z:/FPGA/SELECTOR/T_SELECTOR_isim_beh.exe
Fuse Memory Usage: 29760 KB
Fuse CPU Usage: 374 ms
