


ARM Macro Assembler    Page 1 


    1 00000000         ;*******************************************************
                       ************************
    2 00000000         ; template for asm exerciseÅ@with RAM AREA
    3 00000000         ;*******************************************************
                       ************************
    4 00000000         
    5 00000000         
    6 00000000 00000400 
                       Stack_Size
                               EQU              0x00000400
    7 00000000         
    8 00000000 40010800 
                       GPIOA_CRL
                               EQU              0x40010800
    9 00000000 40010804 
                       GPIOA_CRH
                               EQU              0x40010804
   10 00000000 40010808 
                       GPIOA_IDR
                               EQU              0x40010808
   11 00000000 4001080C 
                       GPIOA_ODR
                               EQU              0x4001080C
   12 00000000 40010C00 
                       GPIOB_CRL
                               EQU              0x40010C00
   13 00000000 40010C04 
                       GPIOB_CRH
                               EQU              0x40010C04
   14 00000000 40010C08 
                       GPIOB_IDR
                               EQU              0x40010C08
   15 00000000 40010C0C 
                       GPIOB_ODR
                               EQU              0x40010C0C
   16 00000000 40021018 
                       RCC_APB2ENR
                               EQU              0x40021018
   17 00000000 40010004 
                       AFIO_MAPR
                               EQU              0x40010004
   18 00000000         
   19 00000000         
   20 00000000                 AREA             STACK, NOINIT, READWRITE, ALIGN
=3 
                                                            ;<--STACKÉZÉNÉVÉáÉì
                                                            ÇÕREADWRITEÇ≈RAMè„Ç
                                                            …
   21 00000000         Stack_Mem
                               SPACE            Stack_Size
   22 00000400         __initial_sp
   23 00000400         
   24 00000400         
   25 00000400                 PRESERVE8
   26 00000400                 THUMB
   27 00000400         
   28 00000400         
   29 00000400         ; Vector Table Mapped to Address 0 at Reset
   30 00000400                 AREA             RESET, DATA, READONLY ;<--Ç±Ç±Ç



ARM Macro Assembler    Page 2 


                                                            ©ÇÁêÊÇÕRESETÉZÉNÉVÉ
                                                            áÉìÇ≈READONLYÇ»ÇÃÇ≈
                                                            ROMè„Ç…
   31 00000000                 EXPORT           __Vectors
   32 00000000         
   33 00000000 00000000 
                       __Vectors
                               DCD              __initial_sp ; Top of Stack
   34 00000004 00000000        DCD              Reset_Handler ; Reset Handler
   35 00000008 00000000        DCD              NMI_Handler ; NMI Handler
   36 0000000C 00000000        DCD              HardFault_Handler ; Hard Fault 
                                                            Handler
   37 00000010 00000000        DCD              MemManage_Handler 
                                                            ; MPU Fault Handler
                                                            
   38 00000014 00000000        DCD              BusFault_Handler 
                                                            ; Bus Fault Handler
                                                            
   39 00000018 00000000        DCD              UsageFault_Handler ; Usage Faul
                                                            t Handler
   40 0000001C 00000000        DCD              0           ; Reserved
   41 00000020 00000000        DCD              0           ; Reserved
   42 00000024 00000000        DCD              0           ; Reserved
   43 00000028 00000000        DCD              0           ; Reserved
   44 0000002C 00000000        DCD              SVC_Handler ; SVCall Handler
   45 00000030 00000000        DCD              DebugMon_Handler ; Debug Monito
                                                            r Handler
   46 00000034 00000000        DCD              0           ; Reserved
   47 00000038 00000000        DCD              PendSV_Handler ; PendSV Handler
                                                            
   48 0000003C 00000000        DCD              SysTick_Handler 
                                                            ; SysTick Handler
   49 00000040         
   50 00000040         
   51 00000040                 AREA             |.text|, CODE, READONLY ;<--Ç±Ç
                                                            ±Ç©ÇÁÇÕÉvÉçÉOÉâÉÄÇÃ
                                                            ñ{ëÃÅAREADONLYÇ»ÇÃÇ
                                                            ≈ROMè„Ç…
   52 00000000         
   53 00000000         ; Reset handler
   54 00000000         Reset_Handler
                               PROC
   55 00000000                 EXPORT           Reset_Handler             [WEAK
]
   56 00000000         ; ******************************************************
                       ***************
   57 00000000         ; kadai program is here    
   58 00000000         ; ******************************************************
                       ***************
   59 00000000 4C24            LDR              R4,=RCC_APB2ENR ;É|Å|ÉgÇÃèâä˙âª
                                                            
   60 00000002 F04F 050C       MOV              R5,#0X0C
   61 00000006 6025            STR              R5,[R4]
   62 00000008 F04F 3133       LDR              R1,=0X33333333
   63 0000000C 4A22            LDR              R2,=GPIOA_CRL
   64 0000000E 6011            STR              R1,[R2]
   65 00000010         
   66 00000010 F04F 3144       LDR              R1,=0x44444444
   67 00000014 4A21            LDR              R2,=GPIOA_CRH



ARM Macro Assembler    Page 3 


   68 00000016 6011            STR              R1,[R2]
   69 00000018         
   70 00000018 4C21            LDR              R4,=AFIO_MAPR
   71 0000001A F04F 7500       LDR              R5,=0x02000000
   72 0000001E 6025            STR              R5,[R4]
   73 00000020 4C20            LDR              R4,=GPIOB_CRL
   74 00000022 F04F 3533       LDR              R5,=0x33333333
   75 00000026 6025            STR              R5,[R4]
   76 00000028 4C1F            LDR              R4,=GPIOB_ODR
   77 0000002A F04F 0500       LDR              R5,=0x0000
   78 0000002E 6025            STR              R5,[R4]
   79 00000030         
   80 00000030 481E            LDR              R0,=GPIOA_ODR
   81 00000032 491F            LDR              R1,=GPIOA_IDR
   82 00000034         
   83 00000034         LOOP
   84 00000034 680A            LDR              R2,[R1]
   85 00000036 EA4F 2212       LSR              R2,#8
   86 0000003A EA6F 0202       MVN              R2,R2
   87 0000003E F002 0203       AND              R2,0x0003
   88 00000042         
   89 00000042 EA4F 0282       LSL              R2,#2
   90 00000046         
   91 00000046 4B1B            LDR              R3,=data
   92 00000048         
   93 00000048 4413            ADD              R3,R2
   94 0000004A 681A            LDR              R2,[R3]
   95 0000004C 6002            STR              R2,[R0]
   96 0000004E         
   97 0000004E E7F1            B                LOOP
   98 00000050 E7FE            B                .
   99 00000052         
  100 00000052         
  101 00000052         
  102 00000052         
  103 00000052         ;  ALIGN 4  ; <-- Ç±Ç±Ç≈ÇSÉoÉCÉgãÊêÿÇËÇ…í≤êÆ
  104 00000052         
  105 00000052                 ENDP
  106 00000052         
  107 00000052 00 00 000000C0 
                       data    DCD              0xC0
  108 00000058 000000F9        DCD              0xF9
  109 0000005C 000000A4        DCD              0xA4
  110 00000060 000000B0        DCD              0xB0
  111 00000064 00000099        DCD              0x99
  112 00000068 00000092        DCD              0x92
  113 0000006C 00000082        DCD              0x82
  114 00000070 000000D8        DCD              0xD8
  115 00000074 00000080        DCD              0x80
  116 00000078 00000090        DCD              0x90
  117 0000007C 00000008        DCD              0x08
  118 00000080 00000003        DCD              0x03
  119 00000084 00000046        DCD              0x46
  120 00000088 00000021        DCD              0x21
  121 0000008C 00000006        DCD              0x06
  122 00000090 0000000D        DCD              0x0D
  123 00000094         dataend
  124 00000094         
  125 00000094         ;  AREA MyData, DATA, READWRITE ;<--MyDataÉZÉNÉVÉáÉìÇÕÅA



ARM Macro Assembler    Page 4 


                       DATAÇ≈RAMè„Ç…
  126 00000094         
  127 00000094         ;ans1  space  8
  128 00000094         ;ans2  space  8
  129 00000094         ;endans
  130 00000094         
  131 00000094         
  132 00000094         
  133 00000094 40021018 
              40010800 
              40010804 
              40010004 
              40010C00 
              40010C0C 
              4001080C 
              40010808 
              00000000         AREA             Handlers, CODE, READONLY ;<--Ha
                                                            ndlersÉZÉNÉVÉáÉìÇÕR
                                                            OMè„Ç…
  134 00000000         
  135 00000000         ; Dummy Exception Handlers (infinite loops which can be 
                       modified)
  136 00000000         
  137 00000000         NMI_Handler
                               PROC
  138 00000000                 EXPORT           NMI_Handler                [WEA
K]
  139 00000000 E7FE            B                .
  140 00000002                 ENDP
  142 00000002         HardFault_Handler
                               PROC
  143 00000002                 EXPORT           HardFault_Handler          [WEA
K]
  144 00000002 E7FE            B                .
  145 00000004                 ENDP
  147 00000004         MemManage_Handler
                               PROC
  148 00000004                 EXPORT           MemManage_Handler          [WEA
K]
  149 00000004 E7FE            B                .
  150 00000006                 ENDP
  152 00000006         BusFault_Handler
                               PROC
  153 00000006                 EXPORT           BusFault_Handler           [WEA
K]
  154 00000006 E7FE            B                .
  155 00000008                 ENDP
  157 00000008         UsageFault_Handler
                               PROC
  158 00000008                 EXPORT           UsageFault_Handler         [WEA
K]
  159 00000008 E7FE            B                .
  160 0000000A                 ENDP
  161 0000000A         SVC_Handler
                               PROC
  162 0000000A                 EXPORT           SVC_Handler                [WEA
K]
  163 0000000A E7FE            B                .
  164 0000000C                 ENDP



ARM Macro Assembler    Page 5 


  166 0000000C         DebugMon_Handler
                               PROC
  167 0000000C                 EXPORT           DebugMon_Handler           [WEA
K]
  168 0000000C E7FE            B                .
  169 0000000E                 ENDP
  170 0000000E         PendSV_Handler
                               PROC
  171 0000000E                 EXPORT           PendSV_Handler             [WEA
K]
  172 0000000E E7FE            B                .
  173 00000010                 ENDP
  174 00000010         SysTick_Handler
                               PROC
  175 00000010                 EXPORT           SysTick_Handler            [WEA
K]
  176 00000010 E7FE            B                .
  177 00000012                 ENDP
  178 00000012         
  179 00000012         
  180 00000012                 END
Command Line: --debug --xref --diag_suppress=9931 --cpu=Cortex-M3 --apcs=interw
ork --depend=.\objects\asm_7seg2sw.d -o.\objects\asm_7seg2sw.o -I.\RTE\_Target_
1 -IC:\Keil_v5\ARM\PACK\Keil\STM32F1xx_DFP\2.2.0\Device\Include -IC:\Keil_v5\AR
M\CMSIS\Include --predefine="__UVISION_VERSION SETA 524" --predefine="STM32F10X
_MD_VL SETA 1" --list=.\listings\asm_7seg2sw.lst asm_7seg2sw.s



ARM Macro Assembler    Page 1 Alphabetic symbol ordering
Relocatable symbols

STACK 00000000

Symbol: STACK
   Definitions
      At line 20 in file asm_7seg2sw.s
   Uses
      None
Comment: STACK unused
Stack_Mem 00000000

Symbol: Stack_Mem
   Definitions
      At line 21 in file asm_7seg2sw.s
   Uses
      None
Comment: Stack_Mem unused
__initial_sp 00000400

Symbol: __initial_sp
   Definitions
      At line 22 in file asm_7seg2sw.s
   Uses
      At line 33 in file asm_7seg2sw.s
Comment: __initial_sp used once
3 symbols



ARM Macro Assembler    Page 1 Alphabetic symbol ordering
Relocatable symbols

RESET 00000000

Symbol: RESET
   Definitions
      At line 30 in file asm_7seg2sw.s
   Uses
      None
Comment: RESET unused
__Vectors 00000000

Symbol: __Vectors
   Definitions
      At line 33 in file asm_7seg2sw.s
   Uses
      At line 31 in file asm_7seg2sw.s
Comment: __Vectors used once
2 symbols



ARM Macro Assembler    Page 1 Alphabetic symbol ordering
Relocatable symbols

.text 00000000

Symbol: .text
   Definitions
      At line 51 in file asm_7seg2sw.s
   Uses
      None
Comment: .text unused
LOOP 00000034

Symbol: LOOP
   Definitions
      At line 83 in file asm_7seg2sw.s
   Uses
      At line 97 in file asm_7seg2sw.s
Comment: LOOP used once
Reset_Handler 00000000

Symbol: Reset_Handler
   Definitions
      At line 54 in file asm_7seg2sw.s
   Uses
      At line 34 in file asm_7seg2sw.s
      At line 55 in file asm_7seg2sw.s

data 00000054

Symbol: data
   Definitions
      At line 107 in file asm_7seg2sw.s
   Uses
      At line 91 in file asm_7seg2sw.s
Comment: data used once
dataend 00000094

Symbol: dataend
   Definitions
      At line 123 in file asm_7seg2sw.s
   Uses
      None
Comment: dataend unused
5 symbols



ARM Macro Assembler    Page 1 Alphabetic symbol ordering
Relocatable symbols

BusFault_Handler 00000006

Symbol: BusFault_Handler
   Definitions
      At line 152 in file asm_7seg2sw.s
   Uses
      At line 38 in file asm_7seg2sw.s
      At line 153 in file asm_7seg2sw.s

DebugMon_Handler 0000000C

Symbol: DebugMon_Handler
   Definitions
      At line 166 in file asm_7seg2sw.s
   Uses
      At line 45 in file asm_7seg2sw.s
      At line 167 in file asm_7seg2sw.s

Handlers 00000000

Symbol: Handlers
   Definitions
      At line 133 in file asm_7seg2sw.s
   Uses
      None
Comment: Handlers unused
HardFault_Handler 00000002

Symbol: HardFault_Handler
   Definitions
      At line 142 in file asm_7seg2sw.s
   Uses
      At line 36 in file asm_7seg2sw.s
      At line 143 in file asm_7seg2sw.s

MemManage_Handler 00000004

Symbol: MemManage_Handler
   Definitions
      At line 147 in file asm_7seg2sw.s
   Uses
      At line 37 in file asm_7seg2sw.s
      At line 148 in file asm_7seg2sw.s

NMI_Handler 00000000

Symbol: NMI_Handler
   Definitions
      At line 137 in file asm_7seg2sw.s
   Uses
      At line 35 in file asm_7seg2sw.s
      At line 138 in file asm_7seg2sw.s

PendSV_Handler 0000000E

Symbol: PendSV_Handler
   Definitions
      At line 170 in file asm_7seg2sw.s
   Uses



ARM Macro Assembler    Page 2 Alphabetic symbol ordering
Relocatable symbols

      At line 47 in file asm_7seg2sw.s
      At line 171 in file asm_7seg2sw.s

SVC_Handler 0000000A

Symbol: SVC_Handler
   Definitions
      At line 161 in file asm_7seg2sw.s
   Uses
      At line 44 in file asm_7seg2sw.s
      At line 162 in file asm_7seg2sw.s

SysTick_Handler 00000010

Symbol: SysTick_Handler
   Definitions
      At line 174 in file asm_7seg2sw.s
   Uses
      At line 48 in file asm_7seg2sw.s
      At line 175 in file asm_7seg2sw.s

UsageFault_Handler 00000008

Symbol: UsageFault_Handler
   Definitions
      At line 157 in file asm_7seg2sw.s
   Uses
      At line 39 in file asm_7seg2sw.s
      At line 158 in file asm_7seg2sw.s

10 symbols



ARM Macro Assembler    Page 1 Alphabetic symbol ordering
Absolute symbols

AFIO_MAPR 40010004

Symbol: AFIO_MAPR
   Definitions
      At line 17 in file asm_7seg2sw.s
   Uses
      At line 70 in file asm_7seg2sw.s
Comment: AFIO_MAPR used once
GPIOA_CRH 40010804

Symbol: GPIOA_CRH
   Definitions
      At line 9 in file asm_7seg2sw.s
   Uses
      At line 67 in file asm_7seg2sw.s
Comment: GPIOA_CRH used once
GPIOA_CRL 40010800

Symbol: GPIOA_CRL
   Definitions
      At line 8 in file asm_7seg2sw.s
   Uses
      At line 63 in file asm_7seg2sw.s
Comment: GPIOA_CRL used once
GPIOA_IDR 40010808

Symbol: GPIOA_IDR
   Definitions
      At line 10 in file asm_7seg2sw.s
   Uses
      At line 81 in file asm_7seg2sw.s
Comment: GPIOA_IDR used once
GPIOA_ODR 4001080C

Symbol: GPIOA_ODR
   Definitions
      At line 11 in file asm_7seg2sw.s
   Uses
      At line 80 in file asm_7seg2sw.s
Comment: GPIOA_ODR used once
GPIOB_CRH 40010C04

Symbol: GPIOB_CRH
   Definitions
      At line 13 in file asm_7seg2sw.s
   Uses
      None
Comment: GPIOB_CRH unused
GPIOB_CRL 40010C00

Symbol: GPIOB_CRL
   Definitions
      At line 12 in file asm_7seg2sw.s
   Uses
      At line 73 in file asm_7seg2sw.s
Comment: GPIOB_CRL used once
GPIOB_IDR 40010C08

Symbol: GPIOB_IDR



ARM Macro Assembler    Page 2 Alphabetic symbol ordering
Absolute symbols

   Definitions
      At line 14 in file asm_7seg2sw.s
   Uses
      None
Comment: GPIOB_IDR unused
GPIOB_ODR 40010C0C

Symbol: GPIOB_ODR
   Definitions
      At line 15 in file asm_7seg2sw.s
   Uses
      At line 76 in file asm_7seg2sw.s
Comment: GPIOB_ODR used once
RCC_APB2ENR 40021018

Symbol: RCC_APB2ENR
   Definitions
      At line 16 in file asm_7seg2sw.s
   Uses
      At line 59 in file asm_7seg2sw.s
Comment: RCC_APB2ENR used once
Stack_Size 00000400

Symbol: Stack_Size
   Definitions
      At line 6 in file asm_7seg2sw.s
   Uses
      At line 21 in file asm_7seg2sw.s
Comment: Stack_Size used once
11 symbols
365 symbols in table
