


ARM Macro Assembler    Page 1 


    1 00000000         ;************************************************
    2 00000000         ; template for asm exercise
    3 00000000         ;************************************************
    4 00000000         
    5 00000000 00000400 
                       Stack_Size
                               EQU              0x00000400
    6 00000000         
    7 00000000                 AREA             STACK, NOINIT, READWRITE, ALIGN
=3
    8 00000000         Stack_Mem
                               SPACE            Stack_Size
    9 00000400         __initial_sp
   10 00000400         
   11 00000400         
   12 00000400         
   13 00000400         
   14 00000400                 PRESERVE8
   15 00000400                 THUMB
   16 00000400         
   17 00000400         
   18 00000400         ; Vector Table Mapped to Address 0 at Reset
   19 00000400                 AREA             RESET, DATA, READONLY
   20 00000000                 EXPORT           __Vectors
   21 00000000         ;              EXPORT  __Vectors_End
   22 00000000         ;              EXPORT  __Vectors_Size
   23 00000000         
   24 00000000 00000000 
                       __Vectors
                               DCD              __initial_sp ; Top of Stack
   25 00000004 00000000        DCD              Reset_Handler ; Reset Handler
   26 00000008 00000000        DCD              NMI_Handler ; NMI Handler
   27 0000000C 00000000        DCD              HardFault_Handler ; Hard Fault 
                                                            Handler
   28 00000010 00000000        DCD              MemManage_Handler 
                                                            ; MPU Fault Handler
                                                            
   29 00000014 00000000        DCD              BusFault_Handler 
                                                            ; Bus Fault Handler
                                                            
   30 00000018 00000000        DCD              UsageFault_Handler ; Usage Faul
                                                            t Handler
   31 0000001C 00000000        DCD              0           ; Reserved
   32 00000020 00000000        DCD              0           ; Reserved
   33 00000024 00000000        DCD              0           ; Reserved
   34 00000028 00000000        DCD              0           ; Reserved
   35 0000002C 00000000        DCD              SVC_Handler ; SVCall Handler
   36 00000030 00000000        DCD              DebugMon_Handler ; Debug Monito
                                                            r Handler
   37 00000034 00000000        DCD              0           ; Reserved
   38 00000038 00000000        DCD              PendSV_Handler ; PendSV Handler
                                                            
   39 0000003C 00000000        DCD              SysTick_Handler 
                                                            ; SysTick Handler
   40 00000040         
   41 00000040         
   42 00000040                 AREA             |.text|, CODE, READONLY
   43 00000000         
   44 00000000         ; Reset handler



ARM Macro Assembler    Page 2 


   45 00000000         Reset_Handler
                               PROC
   46 00000000                 EXPORT           Reset_Handler             [WEAK
]
   47 00000000         ; ***********************************************
   48 00000000         ; kadai program is here
   49 00000000         ; ***********************************************
   50 00000000         ; My Program
   51 00000000         
   52 00000000         start
   53 00000000 4808            LDR              R0,date1
   54 00000002 4909            LDR              R1,date2
   55 00000004         
   56 00000004 EB00 0201       ADD              R2,R0,R1
   57 00000008 EBA1 0300       SUB              R3,R1,R0
   58 0000000C FB00 F401       MUL              R4,R0,R1
   59 00000010         
   60 00000010 F04F 5500       LDR              R5,=0x20000000
   61 00000014 602A            STR              R2,[R5]
   62 00000016 F105 0504       ADD              R5,#4
   63 0000001A 602B            STR              R3,[R5]
   64 0000001C F105 0504       ADD              R5,#4
   65 00000020 602C            STR              R4,[R5]
   66 00000022         
   67 00000022 E7FE            B                .
   68 00000024         
   69 00000024 00001234 
                       date1   DCD              0x1234
   70 00000028 00003456 
                       date2   DCD              0x3456
   71 0000002C                 ENDP
   72 0000002C         
   73 0000002C         
   74 0000002C         
   75 0000002C         
   76 0000002C         ; Dummy Exception Handlers (infinite loops which can be 
                       modified)
   77 0000002C         
   78 0000002C         NMI_Handler
                               PROC
   79 0000002C                 EXPORT           NMI_Handler                    
  [WEAK]
   80 0000002C E7FE            B                .
   81 0000002E                 ENDP
   83 0000002E         HardFault_Handler
                               PROC
   84 0000002E                 EXPORT           HardFault_Handler              
  [WEAK]
   85 0000002E E7FE            B                .
   86 00000030                 ENDP
   88 00000030         MemManage_Handler
                               PROC
   89 00000030                 EXPORT           MemManage_Handler              
  [WEAK]
   90 00000030 E7FE            B                .
   91 00000032                 ENDP
   93 00000032         BusFault_Handler
                               PROC
   94 00000032                 EXPORT           BusFault_Handler               



ARM Macro Assembler    Page 3 


  [WEAK]
   95 00000032 E7FE            B                .
   96 00000034                 ENDP
   98 00000034         UsageFault_Handler
                               PROC
   99 00000034                 EXPORT           UsageFault_Handler             
  [WEAK]
  100 00000034 E7FE            B                .
  101 00000036                 ENDP
  102 00000036         SVC_Handler
                               PROC
  103 00000036                 EXPORT           SVC_Handler                    
  [WEAK]
  104 00000036 E7FE            B                .
  105 00000038                 ENDP
  107 00000038         DebugMon_Handler
                               PROC
  108 00000038                 EXPORT           DebugMon_Handler               
  [WEAK]
  109 00000038 E7FE            B                .
  110 0000003A                 ENDP
  111 0000003A         PendSV_Handler
                               PROC
  112 0000003A                 EXPORT           PendSV_Handler                 
  [WEAK]
  113 0000003A E7FE            B                .
  114 0000003C                 ENDP
  115 0000003C         SysTick_Handler
                               PROC
  116 0000003C                 EXPORT           SysTick_Handler                
  [WEAK]
  117 0000003C E7FE            B                .
  118 0000003E                 ENDP
  119 0000003E         
  120 0000003E         
  121 0000003E         
  122 0000003E                 END
Command Line: --debug --xref --diag_suppress=9931 --cpu=Cortex-M3 --apcs=interw
ork --depend=.\objects\asm02.d -o.\objects\asm02.o -I.\RTE\_Target_1 -IC:\Keil_
v5\ARM\PACK\Keil\STM32F1xx_DFP\2.2.0\Device\Include -IC:\Keil_v5\ARM\CMSIS\Incl
ude --predefine="__UVISION_VERSION SETA 524" --predefine="STM32F10X_MD_VL SETA 
1" --list=.\listings\asm02.lst asm02.s



ARM Macro Assembler    Page 1 Alphabetic symbol ordering
Relocatable symbols

STACK 00000000

Symbol: STACK
   Definitions
      At line 7 in file asm02.s
   Uses
      None
Comment: STACK unused
Stack_Mem 00000000

Symbol: Stack_Mem
   Definitions
      At line 8 in file asm02.s
   Uses
      None
Comment: Stack_Mem unused
__initial_sp 00000400

Symbol: __initial_sp
   Definitions
      At line 9 in file asm02.s
   Uses
      At line 24 in file asm02.s
Comment: __initial_sp used once
3 symbols



ARM Macro Assembler    Page 1 Alphabetic symbol ordering
Relocatable symbols

RESET 00000000

Symbol: RESET
   Definitions
      At line 19 in file asm02.s
   Uses
      None
Comment: RESET unused
__Vectors 00000000

Symbol: __Vectors
   Definitions
      At line 24 in file asm02.s
   Uses
      At line 20 in file asm02.s
Comment: __Vectors used once
2 symbols



ARM Macro Assembler    Page 1 Alphabetic symbol ordering
Relocatable symbols

.text 00000000

Symbol: .text
   Definitions
      At line 42 in file asm02.s
   Uses
      None
Comment: .text unused
BusFault_Handler 00000032

Symbol: BusFault_Handler
   Definitions
      At line 93 in file asm02.s
   Uses
      At line 29 in file asm02.s
      At line 94 in file asm02.s

DebugMon_Handler 00000038

Symbol: DebugMon_Handler
   Definitions
      At line 107 in file asm02.s
   Uses
      At line 36 in file asm02.s
      At line 108 in file asm02.s

HardFault_Handler 0000002E

Symbol: HardFault_Handler
   Definitions
      At line 83 in file asm02.s
   Uses
      At line 27 in file asm02.s
      At line 84 in file asm02.s

MemManage_Handler 00000030

Symbol: MemManage_Handler
   Definitions
      At line 88 in file asm02.s
   Uses
      At line 28 in file asm02.s
      At line 89 in file asm02.s

NMI_Handler 0000002C

Symbol: NMI_Handler
   Definitions
      At line 78 in file asm02.s
   Uses
      At line 26 in file asm02.s
      At line 79 in file asm02.s

PendSV_Handler 0000003A

Symbol: PendSV_Handler
   Definitions
      At line 111 in file asm02.s
   Uses



ARM Macro Assembler    Page 2 Alphabetic symbol ordering
Relocatable symbols

      At line 38 in file asm02.s
      At line 112 in file asm02.s

Reset_Handler 00000000

Symbol: Reset_Handler
   Definitions
      At line 45 in file asm02.s
   Uses
      At line 25 in file asm02.s
      At line 46 in file asm02.s

SVC_Handler 00000036

Symbol: SVC_Handler
   Definitions
      At line 102 in file asm02.s
   Uses
      At line 35 in file asm02.s
      At line 103 in file asm02.s

SysTick_Handler 0000003C

Symbol: SysTick_Handler
   Definitions
      At line 115 in file asm02.s
   Uses
      At line 39 in file asm02.s
      At line 116 in file asm02.s

UsageFault_Handler 00000034

Symbol: UsageFault_Handler
   Definitions
      At line 98 in file asm02.s
   Uses
      At line 30 in file asm02.s
      At line 99 in file asm02.s

date1 00000024

Symbol: date1
   Definitions
      At line 69 in file asm02.s
   Uses
      At line 53 in file asm02.s
Comment: date1 used once
date2 00000028

Symbol: date2
   Definitions
      At line 70 in file asm02.s
   Uses
      At line 54 in file asm02.s
Comment: date2 used once
start 00000000

Symbol: start
   Definitions



ARM Macro Assembler    Page 3 Alphabetic symbol ordering
Relocatable symbols

      At line 52 in file asm02.s
   Uses
      None
Comment: start unused
14 symbols



ARM Macro Assembler    Page 1 Alphabetic symbol ordering
Absolute symbols

Stack_Size 00000400

Symbol: Stack_Size
   Definitions
      At line 5 in file asm02.s
   Uses
      At line 8 in file asm02.s
Comment: Stack_Size used once
1 symbol
352 symbols in table
