


ARM Macro Assembler    Page 1 


    1 00000000         ;************************************************
    2 00000000         ; template for asm exercise
    3 00000000         ;************************************************
    4 00000000         
    5 00000000 00000400 
                       Stack_Size
                               EQU              0x00000400
    6 00000000         
    7 00000000                 AREA             STACK, NOINIT, READWRITE, ALIGN
=3
    8 00000000         Stack_Mem
                               SPACE            Stack_Size
    9 00000400         __initial_sp
   10 00000400         
   11 00000400         
   12 00000400         
   13 00000400         
   14 00000400                 PRESERVE8
   15 00000400                 THUMB
   16 00000400         
   17 00000400         
   18 00000400         ; Vector Table Mapped to Address 0 at Reset
   19 00000400                 AREA             RESET, DATA, READONLY
   20 00000000                 EXPORT           __Vectors
   21 00000000         ;              EXPORT  __Vectors_End
   22 00000000         ;              EXPORT  __Vectors_Size
   23 00000000         
   24 00000000 00000000 
                       __Vectors
                               DCD              __initial_sp ; Top of Stack
   25 00000004 00000000        DCD              Reset_Handler ; Reset Handler
   26 00000008 00000000        DCD              NMI_Handler ; NMI Handler
   27 0000000C 00000000        DCD              HardFault_Handler ; Hard Fault 
                                                            Handler
   28 00000010 00000000        DCD              MemManage_Handler 
                                                            ; MPU Fault Handler
                                                            
   29 00000014 00000000        DCD              BusFault_Handler 
                                                            ; Bus Fault Handler
                                                            
   30 00000018 00000000        DCD              UsageFault_Handler ; Usage Faul
                                                            t Handler
   31 0000001C 00000000        DCD              0           ; Reserved
   32 00000020 00000000        DCD              0           ; Reserved
   33 00000024 00000000        DCD              0           ; Reserved
   34 00000028 00000000        DCD              0           ; Reserved
   35 0000002C 00000000        DCD              SVC_Handler ; SVCall Handler
   36 00000030 00000000        DCD              DebugMon_Handler ; Debug Monito
                                                            r Handler
   37 00000034 00000000        DCD              0           ; Reserved
   38 00000038 00000000        DCD              PendSV_Handler ; PendSV Handler
                                                            
   39 0000003C 00000000        DCD              SysTick_Handler 
                                                            ; SysTick Handler
   40 00000040         
   41 00000040         
   42 00000040                 AREA             |.text|, CODE, READONLY
   43 00000000         
   44 00000000         ; Reset handler



ARM Macro Assembler    Page 2 


   45 00000000         Reset_Handler
                               PROC
   46 00000000                 EXPORT           Reset_Handler             [WEAK
]
   47 00000000         ; ***********************************************
   48 00000000         ; kadai program is here
   49 00000000         ; ***********************************************
   50 00000000         ; My Program
   51 00000000         
   52 00000000         start
   53 00000000 F240 40D2       MOV              R0,#1234
   54 00000004 F44F 6158       MOV              R1,#3456
   55 00000008         
   56 00000008 EB00 0201       ADD              R2,R0,R1
   57 0000000C EBA0 0301       SUB              R3,R0,R1
   58 00000010 FB00 F401       MUL              R4,R0,R1
   59 00000014         
   60 00000014 F04F 5500       LDR              R5,=0x20000000
   61 00000018 602A            STR              R2,[R5]
   62 0000001A F105 0504       ADD              R5,#4
   63 0000001E 602B            STR              R3,[R5]
   64 00000020 F105 0504       ADD              R5,#4
   65 00000024 602C            STR              R4,[R5]
   66 00000026         
   67 00000026 E7FE            B                .
   68 00000028         
   69 00000028         
   70 00000028         
   71 00000028         ; Dummy Exception Handlers (infinite loops which can be 
                       modified)
   72 00000028         
   73 00000028         NMI_Handler
                               PROC
   74 00000028                 EXPORT           NMI_Handler                    
  [WEAK]
   75 00000028 E7FE            B                .
   76 0000002A                 ENDP
   78 0000002A         HardFault_Handler
                               PROC
   79 0000002A                 EXPORT           HardFault_Handler              
  [WEAK]
   80 0000002A E7FE            B                .
   81 0000002C                 ENDP
   83 0000002C         MemManage_Handler
                               PROC
   84 0000002C                 EXPORT           MemManage_Handler              
  [WEAK]
   85 0000002C E7FE            B                .
   86 0000002E                 ENDP
   88 0000002E         BusFault_Handler
                               PROC
   89 0000002E                 EXPORT           BusFault_Handler               
  [WEAK]
   90 0000002E E7FE            B                .
   91 00000030                 ENDP
   93 00000030         UsageFault_Handler
                               PROC
   94 00000030                 EXPORT           UsageFault_Handler             
  [WEAK]



ARM Macro Assembler    Page 3 


   95 00000030 E7FE            B                .
   96 00000032                 ENDP
   97 00000032         SVC_Handler
                               PROC
   98 00000032                 EXPORT           SVC_Handler                    
  [WEAK]
   99 00000032 E7FE            B                .
  100 00000034                 ENDP
  102 00000034         DebugMon_Handler
                               PROC
  103 00000034                 EXPORT           DebugMon_Handler               
  [WEAK]
  104 00000034 E7FE            B                .
  105 00000036                 ENDP
  106 00000036         PendSV_Handler
                               PROC
  107 00000036                 EXPORT           PendSV_Handler                 
  [WEAK]
  108 00000036 E7FE            B                .
  109 00000038                 ENDP
  110 00000038         SysTick_Handler
                               PROC
  111 00000038                 EXPORT           SysTick_Handler                
  [WEAK]
  112 00000038 E7FE            B                .
  113 0000003A                 ENDP
  114 0000003A         
  115 0000003A         
  116 0000003A         
  117 0000003A                 END
Command Line: --debug --xref --diag_suppress=9931 --cpu=Cortex-M3 --apcs=interw
ork --depend=.\objects\asm01.d -o.\objects\asm01.o -I.\RTE\_Target_1 -IC:\Keil_
v5\ARM\PACK\Keil\STM32F1xx_DFP\2.2.0\Device\Include -IC:\Keil_v5\ARM\CMSIS\Incl
ude --predefine="__UVISION_VERSION SETA 524" --predefine="STM32F10X_MD_VL SETA 
1" --list=.\listings\asm01.lst asm01.s



ARM Macro Assembler    Page 1 Alphabetic symbol ordering
Relocatable symbols

STACK 00000000

Symbol: STACK
   Definitions
      At line 7 in file asm01.s
   Uses
      None
Comment: STACK unused
Stack_Mem 00000000

Symbol: Stack_Mem
   Definitions
      At line 8 in file asm01.s
   Uses
      None
Comment: Stack_Mem unused
__initial_sp 00000400

Symbol: __initial_sp
   Definitions
      At line 9 in file asm01.s
   Uses
      At line 24 in file asm01.s
Comment: __initial_sp used once
3 symbols



ARM Macro Assembler    Page 1 Alphabetic symbol ordering
Relocatable symbols

RESET 00000000

Symbol: RESET
   Definitions
      At line 19 in file asm01.s
   Uses
      None
Comment: RESET unused
__Vectors 00000000

Symbol: __Vectors
   Definitions
      At line 24 in file asm01.s
   Uses
      At line 20 in file asm01.s
Comment: __Vectors used once
2 symbols



ARM Macro Assembler    Page 1 Alphabetic symbol ordering
Relocatable symbols

.text 00000000

Symbol: .text
   Definitions
      At line 42 in file asm01.s
   Uses
      None
Comment: .text unused
BusFault_Handler 0000002E

Symbol: BusFault_Handler
   Definitions
      At line 88 in file asm01.s
   Uses
      At line 29 in file asm01.s
      At line 89 in file asm01.s

DebugMon_Handler 00000034

Symbol: DebugMon_Handler
   Definitions
      At line 102 in file asm01.s
   Uses
      At line 36 in file asm01.s
      At line 103 in file asm01.s

HardFault_Handler 0000002A

Symbol: HardFault_Handler
   Definitions
      At line 78 in file asm01.s
   Uses
      At line 27 in file asm01.s
      At line 79 in file asm01.s

MemManage_Handler 0000002C

Symbol: MemManage_Handler
   Definitions
      At line 83 in file asm01.s
   Uses
      At line 28 in file asm01.s
      At line 84 in file asm01.s

NMI_Handler 00000028

Symbol: NMI_Handler
   Definitions
      At line 73 in file asm01.s
   Uses
      At line 26 in file asm01.s
      At line 74 in file asm01.s

PendSV_Handler 00000036

Symbol: PendSV_Handler
   Definitions
      At line 106 in file asm01.s
   Uses



ARM Macro Assembler    Page 2 Alphabetic symbol ordering
Relocatable symbols

      At line 38 in file asm01.s
      At line 107 in file asm01.s

Reset_Handler 00000000

Symbol: Reset_Handler
   Definitions
      At line 45 in file asm01.s
   Uses
      At line 25 in file asm01.s
      At line 46 in file asm01.s

SVC_Handler 00000032

Symbol: SVC_Handler
   Definitions
      At line 97 in file asm01.s
   Uses
      At line 35 in file asm01.s
      At line 98 in file asm01.s

SysTick_Handler 00000038

Symbol: SysTick_Handler
   Definitions
      At line 110 in file asm01.s
   Uses
      At line 39 in file asm01.s
      At line 111 in file asm01.s

UsageFault_Handler 00000030

Symbol: UsageFault_Handler
   Definitions
      At line 93 in file asm01.s
   Uses
      At line 30 in file asm01.s
      At line 94 in file asm01.s

start 00000000

Symbol: start
   Definitions
      At line 52 in file asm01.s
   Uses
      None
Comment: start unused
12 symbols



ARM Macro Assembler    Page 1 Alphabetic symbol ordering
Absolute symbols

Stack_Size 00000400

Symbol: Stack_Size
   Definitions
      At line 5 in file asm01.s
   Uses
      At line 8 in file asm01.s
Comment: Stack_Size used once
1 symbol
350 symbols in table
