


ARM Macro Assembler    Page 1 


    1 00000000         ;************************************************
    2 00000000         ; template for asm exercise
    3 00000000         ;************************************************
    4 00000000         
    5 00000000 00000400 
                       Stack_Size
                               EQU              0x00000400
    6 00000000         
    7 00000000                 AREA             STACK, NOINIT, READWRITE, ALIGN
=3
    8 00000000         Stack_Mem
                               SPACE            Stack_Size
    9 00000400         __initial_sp
   10 00000400         
   11 00000400         
   12 00000400         
   13 00000400         
   14 00000400                 PRESERVE8
   15 00000400                 THUMB
   16 00000400         
   17 00000400         
   18 00000400         ; Vector Table Mapped to Address 0 at Reset
   19 00000400                 AREA             RESET, DATA, READONLY
   20 00000000                 EXPORT           __Vectors
   21 00000000         ;              EXPORT  __Vectors_End
   22 00000000         ;              EXPORT  __Vectors_Size
   23 00000000         
   24 00000000 00000000 
                       __Vectors
                               DCD              __initial_sp ; Top of Stack
   25 00000004 00000000        DCD              Reset_Handler ; Reset Handler
   26 00000008 00000000        DCD              NMI_Handler ; NMI Handler
   27 0000000C 00000000        DCD              HardFault_Handler ; Hard Fault 
                                                            Handler
   28 00000010 00000000        DCD              MemManage_Handler 
                                                            ; MPU Fault Handler
                                                            
   29 00000014 00000000        DCD              BusFault_Handler 
                                                            ; Bus Fault Handler
                                                            
   30 00000018 00000000        DCD              UsageFault_Handler ; Usage Faul
                                                            t Handler
   31 0000001C 00000000        DCD              0           ; Reserved
   32 00000020 00000000        DCD              0           ; Reserved
   33 00000024 00000000        DCD              0           ; Reserved
   34 00000028 00000000        DCD              0           ; Reserved
   35 0000002C 00000000        DCD              SVC_Handler ; SVCall Handler
   36 00000030 00000000        DCD              DebugMon_Handler ; Debug Monito
                                                            r Handler
   37 00000034 00000000        DCD              0           ; Reserved
   38 00000038 00000000        DCD              PendSV_Handler ; PendSV Handler
                                                            
   39 0000003C 00000000        DCD              SysTick_Handler 
                                                            ; SysTick Handler
   40 00000040         
   41 00000040         
   42 00000040                 AREA             |.text|, CODE, READONLY
   43 00000000         
   44 00000000         ; Reset handler



ARM Macro Assembler    Page 2 


   45 00000000         Reset_Handler
                               PROC
   46 00000000                 EXPORT           Reset_Handler             [WEAK
]
   47 00000000         ; ***********************************************
   48 00000000         ; kadai program is here
   49 00000000         ; ***********************************************
   50 00000000         ; My Program
   51 00000000         
   52 00000000 F04F 0001       MOV              R0,#1
   53 00000004 F04F 5600       LDR              R6,=0x20000000
   54 00000008 6030            STR              R0,[R6]
   55 0000000A         
   56 0000000A F100 0102       ADD              R1,R0,#2
   57 0000000E F106 0604       ADD              R6,4
   58 00000012 6031            STR              R1,[R6]
   59 00000014         
   60 00000014 F101 0203       ADD              R2,R1,#3
   61 00000018 F106 0604       ADD              R6,4
   62 0000001C 6032            STR              R2,[R6]
   63 0000001E         
   64 0000001E F102 0304       ADD              R3,R2,#4
   65 00000022 F106 0604       ADD              R6,4
   66 00000026 6033            STR              R3,[R6]
   67 00000028         
   68 00000028 F103 0405       ADD              R4,R3,#5
   69 0000002C F106 0604       ADD              R6,4
   70 00000030 6034            STR              R4,[R6]
   71 00000032         
   72 00000032 E7FE            B                .
   73 00000034                 ENDP
   74 00000034         
   75 00000034         
   76 00000034         
   77 00000034         
   78 00000034         ; Dummy Exception Handlers (infinite loops which can be 
                       modified)
   79 00000034         
   80 00000034         NMI_Handler
                               PROC
   81 00000034                 EXPORT           NMI_Handler                    
  [WEAK]
   82 00000034 E7FE            B                .
   83 00000036                 ENDP
   85 00000036         HardFault_Handler
                               PROC
   86 00000036                 EXPORT           HardFault_Handler              
  [WEAK]
   87 00000036 E7FE            B                .
   88 00000038                 ENDP
   90 00000038         MemManage_Handler
                               PROC
   91 00000038                 EXPORT           MemManage_Handler              
  [WEAK]
   92 00000038 E7FE            B                .
   93 0000003A                 ENDP
   95 0000003A         BusFault_Handler
                               PROC
   96 0000003A                 EXPORT           BusFault_Handler               



ARM Macro Assembler    Page 3 


  [WEAK]
   97 0000003A E7FE            B                .
   98 0000003C                 ENDP
  100 0000003C         UsageFault_Handler
                               PROC
  101 0000003C                 EXPORT           UsageFault_Handler             
  [WEAK]
  102 0000003C E7FE            B                .
  103 0000003E                 ENDP
  104 0000003E         SVC_Handler
                               PROC
  105 0000003E                 EXPORT           SVC_Handler                    
  [WEAK]
  106 0000003E E7FE            B                .
  107 00000040                 ENDP
  109 00000040         DebugMon_Handler
                               PROC
  110 00000040                 EXPORT           DebugMon_Handler               
  [WEAK]
  111 00000040 E7FE            B                .
  112 00000042                 ENDP
  113 00000042         PendSV_Handler
                               PROC
  114 00000042                 EXPORT           PendSV_Handler                 
  [WEAK]
  115 00000042 E7FE            B                .
  116 00000044                 ENDP
  117 00000044         SysTick_Handler
                               PROC
  118 00000044                 EXPORT           SysTick_Handler                
  [WEAK]
  119 00000044 E7FE            B                .
  120 00000046                 ENDP
  121 00000046         
  122 00000046         
  123 00000046         
  124 00000046                 END
Command Line: --debug --xref --diag_suppress=9931 --cpu=Cortex-M3 --apcs=interw
ork --depend=.\objects\asm03.d -o.\objects\asm03.o -I.\RTE\_Target_1 -IC:\Keil_
v5\ARM\PACK\Keil\STM32F1xx_DFP\2.2.0\Device\Include -IC:\Keil_v5\ARM\CMSIS\Incl
ude --predefine="__UVISION_VERSION SETA 524" --predefine="STM32F10X_MD_VL SETA 
1" --list=.\listings\asm03.lst asm03.s



ARM Macro Assembler    Page 1 Alphabetic symbol ordering
Relocatable symbols

STACK 00000000

Symbol: STACK
   Definitions
      At line 7 in file asm03.s
   Uses
      None
Comment: STACK unused
Stack_Mem 00000000

Symbol: Stack_Mem
   Definitions
      At line 8 in file asm03.s
   Uses
      None
Comment: Stack_Mem unused
__initial_sp 00000400

Symbol: __initial_sp
   Definitions
      At line 9 in file asm03.s
   Uses
      At line 24 in file asm03.s
Comment: __initial_sp used once
3 symbols



ARM Macro Assembler    Page 1 Alphabetic symbol ordering
Relocatable symbols

RESET 00000000

Symbol: RESET
   Definitions
      At line 19 in file asm03.s
   Uses
      None
Comment: RESET unused
__Vectors 00000000

Symbol: __Vectors
   Definitions
      At line 24 in file asm03.s
   Uses
      At line 20 in file asm03.s
Comment: __Vectors used once
2 symbols



ARM Macro Assembler    Page 1 Alphabetic symbol ordering
Relocatable symbols

.text 00000000

Symbol: .text
   Definitions
      At line 42 in file asm03.s
   Uses
      None
Comment: .text unused
BusFault_Handler 0000003A

Symbol: BusFault_Handler
   Definitions
      At line 95 in file asm03.s
   Uses
      At line 29 in file asm03.s
      At line 96 in file asm03.s

DebugMon_Handler 00000040

Symbol: DebugMon_Handler
   Definitions
      At line 109 in file asm03.s
   Uses
      At line 36 in file asm03.s
      At line 110 in file asm03.s

HardFault_Handler 00000036

Symbol: HardFault_Handler
   Definitions
      At line 85 in file asm03.s
   Uses
      At line 27 in file asm03.s
      At line 86 in file asm03.s

MemManage_Handler 00000038

Symbol: MemManage_Handler
   Definitions
      At line 90 in file asm03.s
   Uses
      At line 28 in file asm03.s
      At line 91 in file asm03.s

NMI_Handler 00000034

Symbol: NMI_Handler
   Definitions
      At line 80 in file asm03.s
   Uses
      At line 26 in file asm03.s
      At line 81 in file asm03.s

PendSV_Handler 00000042

Symbol: PendSV_Handler
   Definitions
      At line 113 in file asm03.s
   Uses



ARM Macro Assembler    Page 2 Alphabetic symbol ordering
Relocatable symbols

      At line 38 in file asm03.s
      At line 114 in file asm03.s

Reset_Handler 00000000

Symbol: Reset_Handler
   Definitions
      At line 45 in file asm03.s
   Uses
      At line 25 in file asm03.s
      At line 46 in file asm03.s

SVC_Handler 0000003E

Symbol: SVC_Handler
   Definitions
      At line 104 in file asm03.s
   Uses
      At line 35 in file asm03.s
      At line 105 in file asm03.s

SysTick_Handler 00000044

Symbol: SysTick_Handler
   Definitions
      At line 117 in file asm03.s
   Uses
      At line 39 in file asm03.s
      At line 118 in file asm03.s

UsageFault_Handler 0000003C

Symbol: UsageFault_Handler
   Definitions
      At line 100 in file asm03.s
   Uses
      At line 30 in file asm03.s
      At line 101 in file asm03.s

11 symbols



ARM Macro Assembler    Page 1 Alphabetic symbol ordering
Absolute symbols

Stack_Size 00000400

Symbol: Stack_Size
   Definitions
      At line 5 in file asm03.s
   Uses
      At line 8 in file asm03.s
Comment: Stack_Size used once
1 symbol
349 symbols in table
