


ARM Macro Assembler    Page 1 


    1 00000000         ;************************************************
    2 00000000         ; template for asm exercise
    3 00000000         ;************************************************
    4 00000000         
    5 00000000 00000400 
                       Stack_Size
                               EQU              0x00000400
    6 00000000         
    7 00000000                 AREA             STACK, NOINIT, READWRITE, ALIGN
=3
    8 00000000         Stack_Mem
                               SPACE            Stack_Size
    9 00000400         __initial_sp
   10 00000400         
   11 00000400         
   12 00000400         
   13 00000400         
   14 00000400                 PRESERVE8
   15 00000400                 THUMB
   16 00000400         
   17 00000400         
   18 00000400         ; Vector Table Mapped to Address 0 at Reset
   19 00000400                 AREA             RESET, DATA, READONLY
   20 00000000                 EXPORT           __Vectors
   21 00000000         ;              EXPORT  __Vectors_End
   22 00000000         ;              EXPORT  __Vectors_Size
   23 00000000         
   24 00000000 00000000 
                       __Vectors
                               DCD              __initial_sp ; Top of Stack
   25 00000004 00000000        DCD              Reset_Handler ; Reset Handler
   26 00000008 00000000        DCD              NMI_Handler ; NMI Handler
   27 0000000C 00000000        DCD              HardFault_Handler ; Hard Fault 
                                                            Handler
   28 00000010 00000000        DCD              MemManage_Handler 
                                                            ; MPU Fault Handler
                                                            
   29 00000014 00000000        DCD              BusFault_Handler 
                                                            ; Bus Fault Handler
                                                            
   30 00000018 00000000        DCD              UsageFault_Handler ; Usage Faul
                                                            t Handler
   31 0000001C 00000000        DCD              0           ; Reserved
   32 00000020 00000000        DCD              0           ; Reserved
   33 00000024 00000000        DCD              0           ; Reserved
   34 00000028 00000000        DCD              0           ; Reserved
   35 0000002C 00000000        DCD              SVC_Handler ; SVCall Handler
   36 00000030 00000000        DCD              DebugMon_Handler ; Debug Monito
                                                            r Handler
   37 00000034 00000000        DCD              0           ; Reserved
   38 00000038 00000000        DCD              PendSV_Handler ; PendSV Handler
                                                            
   39 0000003C 00000000        DCD              SysTick_Handler 
                                                            ; SysTick Handler
   40 00000040         
   41 00000040         
   42 00000040                 AREA             |.text|, CODE, READONLY
   43 00000000         
   44 00000000         ; Reset handler



ARM Macro Assembler    Page 2 


   45 00000000         Reset_Handler
                               PROC
   46 00000000                 EXPORT           Reset_Handler             [WEAK
]
   47 00000000         ; ***********************************************
   48 00000000         ; kadai program is here
   49 00000000         ; ***********************************************
   50 00000000         ; My Program
   51 00000000         
   52 00000000 F04F 0012       MOV              R0,#0x12
   53 00000004         
   54 00000004 E7FE            B                .
   55 00000006                 ENDP
   56 00000006         
   57 00000006         
   58 00000006         
   59 00000006         
   60 00000006         ; Dummy Exception Handlers (infinite loops which can be 
                       modified)
   61 00000006         
   62 00000006         NMI_Handler
                               PROC
   63 00000006                 EXPORT           NMI_Handler                    
  [WEAK]
   64 00000006 E7FE            B                .
   65 00000008                 ENDP
   67 00000008         HardFault_Handler
                               PROC
   68 00000008                 EXPORT           HardFault_Handler              
  [WEAK]
   69 00000008 E7FE            B                .
   70 0000000A                 ENDP
   72 0000000A         MemManage_Handler
                               PROC
   73 0000000A                 EXPORT           MemManage_Handler              
  [WEAK]
   74 0000000A E7FE            B                .
   75 0000000C                 ENDP
   77 0000000C         BusFault_Handler
                               PROC
   78 0000000C                 EXPORT           BusFault_Handler               
  [WEAK]
   79 0000000C E7FE            B                .
   80 0000000E                 ENDP
   82 0000000E         UsageFault_Handler
                               PROC
   83 0000000E                 EXPORT           UsageFault_Handler             
  [WEAK]
   84 0000000E E7FE            B                .
   85 00000010                 ENDP
   86 00000010         SVC_Handler
                               PROC
   87 00000010                 EXPORT           SVC_Handler                    
  [WEAK]
   88 00000010 E7FE            B                .
   89 00000012                 ENDP
   91 00000012         DebugMon_Handler
                               PROC
   92 00000012                 EXPORT           DebugMon_Handler               



ARM Macro Assembler    Page 3 


  [WEAK]
   93 00000012 E7FE            B                .
   94 00000014                 ENDP
   95 00000014         PendSV_Handler
                               PROC
   96 00000014                 EXPORT           PendSV_Handler                 
  [WEAK]
   97 00000014 E7FE            B                .
   98 00000016                 ENDP
   99 00000016         SysTick_Handler
                               PROC
  100 00000016                 EXPORT           SysTick_Handler                
  [WEAK]
  101 00000016 E7FE            B                .
  102 00000018                 ENDP
  103 00000018         
  104 00000018         
  105 00000018         
  106 00000018                 END
Command Line: --debug --xref --diag_suppress=9931 --cpu=Cortex-M3 --apcs=interw
ork --depend=.\objects\lessn_asm.d -o.\objects\lessn_asm.o -I.\RTE\_Target_1 -I
C:\Keil_v5\ARM\PACK\Keil\STM32F1xx_DFP\2.2.0\Device\Include -IC:\Keil_v5\ARM\CM
SIS\Include --predefine="__UVISION_VERSION SETA 524" --predefine="STM32F10X_MD_
VL SETA 1" --list=.\listings\lessn_asm.lst lessn_asm.s



ARM Macro Assembler    Page 1 Alphabetic symbol ordering
Relocatable symbols

STACK 00000000

Symbol: STACK
   Definitions
      At line 7 in file lessn_asm.s
   Uses
      None
Comment: STACK unused
Stack_Mem 00000000

Symbol: Stack_Mem
   Definitions
      At line 8 in file lessn_asm.s
   Uses
      None
Comment: Stack_Mem unused
__initial_sp 00000400

Symbol: __initial_sp
   Definitions
      At line 9 in file lessn_asm.s
   Uses
      At line 24 in file lessn_asm.s
Comment: __initial_sp used once
3 symbols



ARM Macro Assembler    Page 1 Alphabetic symbol ordering
Relocatable symbols

RESET 00000000

Symbol: RESET
   Definitions
      At line 19 in file lessn_asm.s
   Uses
      None
Comment: RESET unused
__Vectors 00000000

Symbol: __Vectors
   Definitions
      At line 24 in file lessn_asm.s
   Uses
      At line 20 in file lessn_asm.s
Comment: __Vectors used once
2 symbols



ARM Macro Assembler    Page 1 Alphabetic symbol ordering
Relocatable symbols

.text 00000000

Symbol: .text
   Definitions
      At line 42 in file lessn_asm.s
   Uses
      None
Comment: .text unused
BusFault_Handler 0000000C

Symbol: BusFault_Handler
   Definitions
      At line 77 in file lessn_asm.s
   Uses
      At line 29 in file lessn_asm.s
      At line 78 in file lessn_asm.s

DebugMon_Handler 00000012

Symbol: DebugMon_Handler
   Definitions
      At line 91 in file lessn_asm.s
   Uses
      At line 36 in file lessn_asm.s
      At line 92 in file lessn_asm.s

HardFault_Handler 00000008

Symbol: HardFault_Handler
   Definitions
      At line 67 in file lessn_asm.s
   Uses
      At line 27 in file lessn_asm.s
      At line 68 in file lessn_asm.s

MemManage_Handler 0000000A

Symbol: MemManage_Handler
   Definitions
      At line 72 in file lessn_asm.s
   Uses
      At line 28 in file lessn_asm.s
      At line 73 in file lessn_asm.s

NMI_Handler 00000006

Symbol: NMI_Handler
   Definitions
      At line 62 in file lessn_asm.s
   Uses
      At line 26 in file lessn_asm.s
      At line 63 in file lessn_asm.s

PendSV_Handler 00000014

Symbol: PendSV_Handler
   Definitions
      At line 95 in file lessn_asm.s
   Uses



ARM Macro Assembler    Page 2 Alphabetic symbol ordering
Relocatable symbols

      At line 38 in file lessn_asm.s
      At line 96 in file lessn_asm.s

Reset_Handler 00000000

Symbol: Reset_Handler
   Definitions
      At line 45 in file lessn_asm.s
   Uses
      At line 25 in file lessn_asm.s
      At line 46 in file lessn_asm.s

SVC_Handler 00000010

Symbol: SVC_Handler
   Definitions
      At line 86 in file lessn_asm.s
   Uses
      At line 35 in file lessn_asm.s
      At line 87 in file lessn_asm.s

SysTick_Handler 00000016

Symbol: SysTick_Handler
   Definitions
      At line 99 in file lessn_asm.s
   Uses
      At line 39 in file lessn_asm.s
      At line 100 in file lessn_asm.s

UsageFault_Handler 0000000E

Symbol: UsageFault_Handler
   Definitions
      At line 82 in file lessn_asm.s
   Uses
      At line 30 in file lessn_asm.s
      At line 83 in file lessn_asm.s

11 symbols



ARM Macro Assembler    Page 1 Alphabetic symbol ordering
Absolute symbols

Stack_Size 00000400

Symbol: Stack_Size
   Definitions
      At line 5 in file lessn_asm.s
   Uses
      At line 8 in file lessn_asm.s
Comment: Stack_Size used once
1 symbol
349 symbols in table
