Running: C:\Xilinx\14.7\ISE_DS\ISE\bin\nt64\unwrapped\fuse.exe -intstyle ise -incremental -lib unisims_ver -lib unimacro_ver -lib xilinxcorelib_ver -lib secureip -o Z:/FPGA/SW_7SEG_2/T_SW_7SEG_isim_beh.exe -prj Z:/FPGA/SW_7SEG_2/T_SW_7SEG_beh.prj work.T_SW_7SEG work.glbl 
ISim P.20131013 (signature 0x7708f090)
Number of CPUs detected in this system: 8
Turning on mult-threading, number of parallel sub-compilation jobs: 16 
Determining compilation order of HDL files
Analyzing Verilog file "Z:/FPGA/SW_7SEG_2/SW_7SEG.vf" into library work
Analyzing Verilog file "Z:/FPGA/SW_7SEG_2/T_SW_7SEG.v" into library work
Analyzing Verilog file "C:/Xilinx/14.7/ISE_DS/ISE//verilog/src/glbl.v" into library work
Starting static elaboration
Completed static elaboration
Compiling module AND2
Compiling module INV
Compiling module GND
Compiling module VCC
Compiling module SW_7SEG
Compiling module T_SW_7SEG
Compiling module glbl
Time Resolution for simulation is 1ps.
Waiting for 1 sub-compilation(s) to finish...
Compiled 7 Verilog Units
Built simulation executable Z:/FPGA/SW_7SEG_2/T_SW_7SEG_isim_beh.exe
Fuse Memory Usage: 30332 KB
Fuse CPU Usage: 498 ms
