Running: C:\Xilinx\14.7\ISE_DS\ISE\bin\nt64\unwrapped\fuse.exe -intstyle ise -incremental -lib unisims_ver -lib unimacro_ver -lib xilinxcorelib_ver -lib secureip -o Z:/FPGA/ROT_7SEG/T_ROT_7SEG_isim_beh.exe -prj Z:/FPGA/ROT_7SEG/T_ROT_7SEG_beh.prj work.T_ROT_7SEG work.glbl 
ISim P.20131013 (signature 0x7708f090)
Number of CPUs detected in this system: 8
Turning on mult-threading, number of parallel sub-compilation jobs: 16 
Determining compilation order of HDL files
Analyzing Verilog file "Z:/FPGA/ROT_7SEG/ROT_7SEG.vf" into library work
Analyzing Verilog file "Z:/FPGA/ROT_7SEG/T_ROT_7SEG.v" into library work
Analyzing Verilog file "C:/Xilinx/14.7/ISE_DS/ISE//verilog/src/glbl.v" into library work
Starting static elaboration
Completed static elaboration
Compiling module XOR2
Compiling module OR2
Compiling module BUF
Compiling module VCC
Compiling module INV
Compiling module ROT_7SEG
Compiling module T_ROT_7SEG
Compiling module glbl
Time Resolution for simulation is 1ps.
Compiled 8 Verilog Units
Built simulation executable Z:/FPGA/ROT_7SEG/T_ROT_7SEG_isim_beh.exe
Fuse Memory Usage: 30336 KB
Fuse CPU Usage: 373 ms
