Release 14.7 - xst P.20131013 (lin64)
Copyright (c) 1995-2013 Xilinx, Inc.  All rights reserved.
--> 
Parameter TMPDIR set to xst/projnav.tmp


Total REAL time to Xst completion: 0.00 secs
Total CPU time to Xst completion: 0.08 secs
 
--> 
Parameter xsthdpdir set to xst


Total REAL time to Xst completion: 0.00 secs
Total CPU time to Xst completion: 0.08 secs
 
--> 
Reading design: T_ROT_7SEG.prj

TABLE OF CONTENTS
  1) Synthesis Options Summary
  2) HDL Parsing
  3) HDL Elaboration
  4) HDL Synthesis
       4.1) HDL Synthesis Report
  5) Advanced HDL Synthesis
       5.1) Advanced HDL Synthesis Report
  6) Low Level Synthesis
  7) Partition Report
  8) Design Summary
       8.1) Primitive and Black Box Usage
       8.2) Device utilization summary
       8.3) Partition Resource Summary
       8.4) Timing Report
            8.4.1) Clock Information
            8.4.2) Asynchronous Control Signals Information
            8.4.3) Timing Summary
            8.4.4) Timing Details
            8.4.5) Cross Clock Domains Report


=========================================================================
*                      Synthesis Options Summary                        *
=========================================================================
---- Source Parameters
Input File Name                    : "T_ROT_7SEG.prj"
Ignore Synthesis Constraint File   : NO

---- Target Parameters
Output File Name                   : "T_ROT_7SEG"
Output Format                      : NGC
Target Device                      : xc6slx4-3-cpg196

---- Source Options
Top Module Name                    : T_ROT_7SEG
Automatic FSM Extraction           : YES
FSM Encoding Algorithm             : Auto
Safe Implementation                : No
FSM Style                          : LUT
RAM Extraction                     : Yes
RAM Style                          : Auto
ROM Extraction                     : Yes
Shift Register Extraction          : YES
ROM Style                          : Auto
Resource Sharing                   : YES
Asynchronous To Synchronous        : NO
Shift Register Minimum Size        : 2
Use DSP Block                      : Auto
Automatic Register Balancing       : No

---- Target Options
LUT Combining                      : Auto
Reduce Control Sets                : Auto
Add IO Buffers                     : YES
Global Maximum Fanout              : 100000
Add Generic Clock Buffer(BUFG)     : 16
Register Duplication               : YES
Optimize Instantiated Primitives   : NO
Use Clock Enable                   : Auto
Use Synchronous Set                : Auto
Use Synchronous Reset              : Auto
Pack IO Registers into IOBs        : Auto
Equivalent register Removal        : YES

---- General Options
Optimization Goal                  : Speed
Optimization Effort                : 1
Power Reduction                    : NO
Keep Hierarchy                     : No
Netlist Hierarchy                  : As_Optimized
RTL Output                         : Yes
Global Optimization                : AllClockNets
Read Cores                         : YES
Write Timing Constraints           : NO
Cross Clock Analysis               : NO
Hierarchy Separator                : /
Bus Delimiter                      : <>
Case Specifier                     : Maintain
Slice Utilization Ratio            : 100
BRAM Utilization Ratio             : 100
DSP48 Utilization Ratio            : 100
Auto BRAM Packing                  : NO
Slice Utilization Ratio Delta      : 5

=========================================================================


=========================================================================
*                          HDL Parsing                                  *
=========================================================================
Analyzing Verilog file "/home/udagawa/projects/FPGA/ROT_7SEG/ROT_7SEG.vf" into library work
Parsing module <ROT_7SEG>.
Analyzing Verilog file "/home/udagawa/projects/FPGA/ROT_7SEG/T_ROT_7SEG.v" into library work
Parsing module <T_ROT_7SEG>.

=========================================================================
*                            HDL Elaboration                            *
=========================================================================
WARNING:HDLCompiler:25 - "/home/udagawa/projects/FPGA/ROT_7SEG/T_ROT_7SEG.v" Line 14: Module <ROT_7SEG> does not have a port named <Dp>.
WARNING:HDLCompiler:1016 - "/home/udagawa/projects/FPGA/ROT_7SEG/T_ROT_7SEG.v" Line 12: Port Db is not connected to this instance

Elaborating module <T_ROT_7SEG>.
WARNING:HDLCompiler:413 - "/home/udagawa/projects/FPGA/ROT_7SEG/T_ROT_7SEG.v" Line 20: Result of 5-bit expression is truncated to fit in 4-bit target.
WARNING:HDLCompiler:817 - "/home/udagawa/projects/FPGA/ROT_7SEG/T_ROT_7SEG.v" Line 23: System task stop ignored for synthesis
WARNING:HDLCompiler:872 - "/home/udagawa/projects/FPGA/ROT_7SEG/T_ROT_7SEG.v" Line 16: Using initial value of DECIN since it is never assigned

Elaborating module <ROT_7SEG>.

Elaborating module <AND2>.

Elaborating module <INV>.

Elaborating module <VCC>.

Elaborating module <GND>.

Elaborating module <BUF>.
ERROR:HDLCompiler:267 - "/home/udagawa/projects/FPGA/ROT_7SEG/T_ROT_7SEG.v" Line 14: Cannot find port Dp on this module
Module T_ROT_7SEG remains a blackbox, due to errors in its contents
WARNING:HDLCompiler:1499 - "/home/udagawa/projects/FPGA/ROT_7SEG/T_ROT_7SEG.v" Line 1: Empty module <T_ROT_7SEG> remains a black box.
--> 


Total memory usage is 307140 kilobytes

Number of errors   :    1 (   0 filtered)
Number of warnings :    6 (   0 filtered)
Number of infos    :    0 (   0 filtered)

