Running: C:\Xilinx\14.7\ISE_DS\ISE\bin\nt64\unwrapped\fuse.exe -intstyle ise -incremental -lib unisims_ver -lib unimacro_ver -lib xilinxcorelib_ver -lib secureip -o Z:/FPGA/MINORITY/T_MINORITY_isim_beh.exe -prj Z:/FPGA/MINORITY/T_MINORITY_beh.prj work.T_MINORITY work.glbl 
ISim P.20131013 (signature 0x7708f090)
Number of CPUs detected in this system: 8
Turning on mult-threading, number of parallel sub-compilation jobs: 16 
Determining compilation order of HDL files
Analyzing Verilog file "Z:/FPGA/MINORITY/MINORITY.vf" into library work
Analyzing Verilog file "Z:/FPGA/MINORITY/T_MINORITY.v" into library work
Analyzing Verilog file "C:/Xilinx/14.7/ISE_DS/ISE//verilog/src/glbl.v" into library work
Starting static elaboration
Completed static elaboration
Compiling module XNOR2
Compiling module MINORITY
Compiling module T_MINORITY
Compiling module glbl
Time Resolution for simulation is 1ps.
Waiting for 1 sub-compilation(s) to finish...
Compiled 4 Verilog Units
Built simulation executable Z:/FPGA/MINORITY/T_MINORITY_isim_beh.exe
Fuse Memory Usage: 29784 KB
Fuse CPU Usage: 405 ms
