


ARM Macro Assembler    Page 1 


    1 00000000         ;*******************************************************
                       ************************
    2 00000000         ; template for asm exerciseÅ@with RAM AREA
    3 00000000         ;*******************************************************
                       ************************
    4 00000000         
    5 00000000         
    6 00000000 00000400 
                       Stack_Size
                               EQU              0x00000400
    7 00000000         
    8 00000000 40010800 
                       GPIOA_CRL
                               EQU              0x40010800
    9 00000000 40010804 
                       GPIOA_CRH
                               EQU              0x40010804
   10 00000000 40010808 
                       GPIOA_IDR
                               EQU              0x40010808
   11 00000000 4001080C 
                       GPIOA_ODR
                               EQU              0x4001080C
   12 00000000 40010C00 
                       GPIOB_CRL
                               EQU              0x40010C00
   13 00000000 40010C04 
                       GPIOB_CRH
                               EQU              0x40010C04
   14 00000000 40010C08 
                       GPIOB_IDR
                               EQU              0x40010C08
   15 00000000 40010C0C 
                       GPIOB_ODR
                               EQU              0x40010C0C
   16 00000000 40021018 
                       RCC_APB2ENR
                               EQU              0x40021018
   17 00000000         
   18 00000000         
   19 00000000         
   20 00000000                 AREA             STACK, NOINIT, READWRITE, ALIGN
=3 
                                                            ;<--STACKÉZÉNÉVÉáÉì
                                                            ÇÕREADWRITEÇ≈RAMè„Ç
                                                            …
   21 00000000         Stack_Mem
                               SPACE            Stack_Size
   22 00000400         __initial_sp
   23 00000400         
   24 00000400         
   25 00000400                 PRESERVE8
   26 00000400                 THUMB
   27 00000400         
   28 00000400         
   29 00000400         ; Vector Table Mapped to Address 0 at Reset
   30 00000400                 AREA             RESET, DATA, READONLY ;<--Ç±Ç±Ç
                                                            ©ÇÁêÊÇÕRESETÉZÉNÉVÉ
                                                            áÉìÇ≈READONLYÇ»ÇÃÇ≈



ARM Macro Assembler    Page 2 


                                                            ROMè„Ç…
   31 00000000                 EXPORT           __Vectors
   32 00000000         
   33 00000000 00000000 
                       __Vectors
                               DCD              __initial_sp ; Top of Stack
   34 00000004 00000000        DCD              Reset_Handler ; Reset Handler
   35 00000008 00000000        DCD              NMI_Handler ; NMI Handler
   36 0000000C 00000000        DCD              HardFault_Handler ; Hard Fault 
                                                            Handler
   37 00000010 00000000        DCD              MemManage_Handler 
                                                            ; MPU Fault Handler
                                                            
   38 00000014 00000000        DCD              BusFault_Handler 
                                                            ; Bus Fault Handler
                                                            
   39 00000018 00000000        DCD              UsageFault_Handler ; Usage Faul
                                                            t Handler
   40 0000001C 00000000        DCD              0           ; Reserved
   41 00000020 00000000        DCD              0           ; Reserved
   42 00000024 00000000        DCD              0           ; Reserved
   43 00000028 00000000        DCD              0           ; Reserved
   44 0000002C 00000000        DCD              SVC_Handler ; SVCall Handler
   45 00000030 00000000        DCD              DebugMon_Handler ; Debug Monito
                                                            r Handler
   46 00000034 00000000        DCD              0           ; Reserved
   47 00000038 00000000        DCD              PendSV_Handler ; PendSV Handler
                                                            
   48 0000003C 00000000        DCD              SysTick_Handler 
                                                            ; SysTick Handler
   49 00000040         
   50 00000040         
   51 00000040                 AREA             |.text|, CODE, READONLY ;<--Ç±Ç
                                                            ±Ç©ÇÁÇÕÉvÉçÉOÉâÉÄÇÃ
                                                            ñ{ëÃÅAREADONLYÇ»ÇÃÇ
                                                            ≈ROMè„Ç…
   52 00000000         
   53 00000000         ; Reset handler
   54 00000000         Reset_Handler
                               PROC
   55 00000000                 EXPORT           Reset_Handler             [WEAK
]
   56 00000000         ; ******************************************************
                       ***************
   57 00000000         ; kadai program is here    
   58 00000000         ; ******************************************************
                       ***************
   59 00000000         
   60 00000000         start
   61 00000000 F04F 0001       MOV              R0, #1
   62 00000004 F04F 0100       MOV              R1, #0
   63 00000008         
   64 00000008         LOOP
   65 00000008 F100 0001       ADD              R0, #1
   66 0000000C 4401            ADD              R1, R1, R0
   67 0000000E 2805            CMP              R0, #5
   68 00000010 D1FA            BNE              LOOP
   69 00000012         
   70 00000012 4A01            LDR              R2, =ans



ARM Macro Assembler    Page 3 


   71 00000014 6011            STR              R1, [R2]
   72 00000016         
   73 00000016         
   74 00000016 00 00 00000000  AREA             MyData,DATA,READWRITE
   75 00000000         
   76 00000000 00 00 00 
              00       ans     SPACE            4
   77 00000004         
   78 00000004         
   79 00000004                 AREA             Handlers, CODE, READONLY ;<--Ha
                                                            ndlersÉZÉNÉVÉáÉìÇÕR
                                                            OMè„Ç…
   80 00000000         
   81 00000000         ; Dummy Exception Handlers (infinite loops which can be 
                       modified)
   82 00000000         
   83 00000000         NMI_Handler
                               PROC
   84 00000000                 EXPORT           NMI_Handler                [WEA
K]
   85 00000000 E7FE            B                .
   86 00000002                 ENDP
   88 00000002         HardFault_Handler
                               PROC
   89 00000002                 EXPORT           HardFault_Handler          [WEA
K]
   90 00000002 E7FE            B                .
   91 00000004                 ENDP
   93 00000004         MemManage_Handler
                               PROC
   94 00000004                 EXPORT           MemManage_Handler          [WEA
K]
   95 00000004 E7FE            B                .
   96 00000006                 ENDP
   98 00000006         BusFault_Handler
                               PROC
   99 00000006                 EXPORT           BusFault_Handler           [WEA
K]
  100 00000006 E7FE            B                .
  101 00000008                 ENDP
  103 00000008         UsageFault_Handler
                               PROC
  104 00000008                 EXPORT           UsageFault_Handler         [WEA
K]
  105 00000008 E7FE            B                .
  106 0000000A                 ENDP
  107 0000000A         SVC_Handler
                               PROC
  108 0000000A                 EXPORT           SVC_Handler                [WEA
K]
  109 0000000A E7FE            B                .
  110 0000000C                 ENDP
  112 0000000C         DebugMon_Handler
                               PROC
  113 0000000C                 EXPORT           DebugMon_Handler           [WEA
K]
  114 0000000C E7FE            B                .
  115 0000000E                 ENDP
  116 0000000E         PendSV_Handler



ARM Macro Assembler    Page 4 


                               PROC
  117 0000000E                 EXPORT           PendSV_Handler             [WEA
K]
  118 0000000E E7FE            B                .
  119 00000010                 ENDP
  120 00000010         SysTick_Handler
                               PROC
  121 00000010                 EXPORT           SysTick_Handler            [WEA
K]
  122 00000010 E7FE            B                .
  123 00000012                 ENDP
  124 00000012         
  125 00000012         
  126 00000012                 END
Command Line: --debug --xref --diag_suppress=9931 --cpu=Cortex-M3 --apcs=interw
ork --depend=.\objects\asm_add1235.d -o.\objects\asm_add1235.o -I.\RTE\_Target_
1 -IC:\Keil_v5\ARM\PACK\Keil\STM32F1xx_DFP\2.2.0\Device\Include -IC:\Keil_v5\AR
M\CMSIS\Include --predefine="__UVISION_VERSION SETA 524" --predefine="STM32F10X
_MD_VL SETA 1" --list=.\listings\asm_add1235.lst asm_add1235.s



ARM Macro Assembler    Page 1 Alphabetic symbol ordering
Relocatable symbols

STACK 00000000

Symbol: STACK
   Definitions
      At line 20 in file asm_add1235.s
   Uses
      None
Comment: STACK unused
Stack_Mem 00000000

Symbol: Stack_Mem
   Definitions
      At line 21 in file asm_add1235.s
   Uses
      None
Comment: Stack_Mem unused
__initial_sp 00000400

Symbol: __initial_sp
   Definitions
      At line 22 in file asm_add1235.s
   Uses
      At line 33 in file asm_add1235.s
Comment: __initial_sp used once
3 symbols



ARM Macro Assembler    Page 1 Alphabetic symbol ordering
Relocatable symbols

RESET 00000000

Symbol: RESET
   Definitions
      At line 30 in file asm_add1235.s
   Uses
      None
Comment: RESET unused
__Vectors 00000000

Symbol: __Vectors
   Definitions
      At line 33 in file asm_add1235.s
   Uses
      At line 31 in file asm_add1235.s
Comment: __Vectors used once
2 symbols



ARM Macro Assembler    Page 1 Alphabetic symbol ordering
Relocatable symbols

.text 00000000

Symbol: .text
   Definitions
      At line 51 in file asm_add1235.s
   Uses
      None
Comment: .text unused
LOOP 00000008

Symbol: LOOP
   Definitions
      At line 64 in file asm_add1235.s
   Uses
      At line 68 in file asm_add1235.s
Comment: LOOP used once
Reset_Handler 00000000

Symbol: Reset_Handler
   Definitions
      At line 54 in file asm_add1235.s
   Uses
      At line 34 in file asm_add1235.s
      At line 55 in file asm_add1235.s

start 00000000

Symbol: start
   Definitions
      At line 60 in file asm_add1235.s
   Uses
      None
Comment: start unused
4 symbols



ARM Macro Assembler    Page 1 Alphabetic symbol ordering
Relocatable symbols

MyData 00000000

Symbol: MyData
   Definitions
      At line 74 in file asm_add1235.s
   Uses
      None
Comment: MyData unused
ans 00000000

Symbol: ans
   Definitions
      At line 76 in file asm_add1235.s
   Uses
      At line 70 in file asm_add1235.s
Comment: ans used once
2 symbols



ARM Macro Assembler    Page 1 Alphabetic symbol ordering
Relocatable symbols

BusFault_Handler 00000006

Symbol: BusFault_Handler
   Definitions
      At line 98 in file asm_add1235.s
   Uses
      At line 38 in file asm_add1235.s
      At line 99 in file asm_add1235.s

DebugMon_Handler 0000000C

Symbol: DebugMon_Handler
   Definitions
      At line 112 in file asm_add1235.s
   Uses
      At line 45 in file asm_add1235.s
      At line 113 in file asm_add1235.s

Handlers 00000000

Symbol: Handlers
   Definitions
      At line 79 in file asm_add1235.s
   Uses
      None
Comment: Handlers unused
HardFault_Handler 00000002

Symbol: HardFault_Handler
   Definitions
      At line 88 in file asm_add1235.s
   Uses
      At line 36 in file asm_add1235.s
      At line 89 in file asm_add1235.s

MemManage_Handler 00000004

Symbol: MemManage_Handler
   Definitions
      At line 93 in file asm_add1235.s
   Uses
      At line 37 in file asm_add1235.s
      At line 94 in file asm_add1235.s

NMI_Handler 00000000

Symbol: NMI_Handler
   Definitions
      At line 83 in file asm_add1235.s
   Uses
      At line 35 in file asm_add1235.s
      At line 84 in file asm_add1235.s

PendSV_Handler 0000000E

Symbol: PendSV_Handler
   Definitions
      At line 116 in file asm_add1235.s
   Uses



ARM Macro Assembler    Page 2 Alphabetic symbol ordering
Relocatable symbols

      At line 47 in file asm_add1235.s
      At line 117 in file asm_add1235.s

SVC_Handler 0000000A

Symbol: SVC_Handler
   Definitions
      At line 107 in file asm_add1235.s
   Uses
      At line 44 in file asm_add1235.s
      At line 108 in file asm_add1235.s

SysTick_Handler 00000010

Symbol: SysTick_Handler
   Definitions
      At line 120 in file asm_add1235.s
   Uses
      At line 48 in file asm_add1235.s
      At line 121 in file asm_add1235.s

UsageFault_Handler 00000008

Symbol: UsageFault_Handler
   Definitions
      At line 103 in file asm_add1235.s
   Uses
      At line 39 in file asm_add1235.s
      At line 104 in file asm_add1235.s

10 symbols



ARM Macro Assembler    Page 1 Alphabetic symbol ordering
Absolute symbols

GPIOA_CRH 40010804

Symbol: GPIOA_CRH
   Definitions
      At line 9 in file asm_add1235.s
   Uses
      None
Comment: GPIOA_CRH unused
GPIOA_CRL 40010800

Symbol: GPIOA_CRL
   Definitions
      At line 8 in file asm_add1235.s
   Uses
      None
Comment: GPIOA_CRL unused
GPIOA_IDR 40010808

Symbol: GPIOA_IDR
   Definitions
      At line 10 in file asm_add1235.s
   Uses
      None
Comment: GPIOA_IDR unused
GPIOA_ODR 4001080C

Symbol: GPIOA_ODR
   Definitions
      At line 11 in file asm_add1235.s
   Uses
      None
Comment: GPIOA_ODR unused
GPIOB_CRH 40010C04

Symbol: GPIOB_CRH
   Definitions
      At line 13 in file asm_add1235.s
   Uses
      None
Comment: GPIOB_CRH unused
GPIOB_CRL 40010C00

Symbol: GPIOB_CRL
   Definitions
      At line 12 in file asm_add1235.s
   Uses
      None
Comment: GPIOB_CRL unused
GPIOB_IDR 40010C08

Symbol: GPIOB_IDR
   Definitions
      At line 14 in file asm_add1235.s
   Uses
      None
Comment: GPIOB_IDR unused
GPIOB_ODR 40010C0C

Symbol: GPIOB_ODR



ARM Macro Assembler    Page 2 Alphabetic symbol ordering
Absolute symbols

   Definitions
      At line 15 in file asm_add1235.s
   Uses
      None
Comment: GPIOB_ODR unused
RCC_APB2ENR 40021018

Symbol: RCC_APB2ENR
   Definitions
      At line 16 in file asm_add1235.s
   Uses
      None
Comment: RCC_APB2ENR unused
Stack_Size 00000400

Symbol: Stack_Size
   Definitions
      At line 6 in file asm_add1235.s
   Uses
      At line 21 in file asm_add1235.s
Comment: Stack_Size used once
10 symbols
365 symbols in table
