


ARM Macro Assembler    Page 1 


    1 00000000         ;*******************************************************
                       ************************
    2 00000000         ; template for asm exerciseÅ@with RAM AREA
    3 00000000         ;*******************************************************
                       ************************
    4 00000000         
    5 00000000         
    6 00000000 00000400 
                       Stack_Size
                               EQU              0x00000400
    7 00000000         
    8 00000000 40010800 
                       GPIOA_CRL
                               EQU              0x40010800
    9 00000000 40010804 
                       GPIOA_CRH
                               EQU              0x40010804
   10 00000000 40010808 
                       GPIOA_IDR
                               EQU              0x40010808
   11 00000000 4001080C 
                       GPIOA_ODR
                               EQU              0x4001080C
   12 00000000 40010C00 
                       GPIOB_CRL
                               EQU              0x40010C00
   13 00000000 40010C04 
                       GPIOB_CRH
                               EQU              0x40010C04
   14 00000000 40010C08 
                       GPIOB_IDR
                               EQU              0x40010C08
   15 00000000 40010C0C 
                       GPIOB_ODR
                               EQU              0x40010C0C
   16 00000000 40021018 
                       RCC_APB2ENR
                               EQU              0x40021018
   17 00000000 40010004 
                       AFIO_MAPR
                               EQU              0x40010004
   18 00000000         
   19 00000000         
   20 00000000                 AREA             STACK, NOINIT, READWRITE, ALIGN
=3 
                                                            ;<--STACKÉZÉNÉVÉáÉì
                                                            ÇÕREADWRITEÇ≈RAMè„Ç
                                                            …
   21 00000000         Stack_Mem
                               SPACE            Stack_Size
   22 00000400         __initial_sp
   23 00000400         
   24 00000400         
   25 00000400                 PRESERVE8
   26 00000400                 THUMB
   27 00000400         
   28 00000400         
   29 00000400         ; Vector Table Mapped to Address 0 at Reset
   30 00000400                 AREA             RESET, DATA, READONLY ;<--Ç±Ç±Ç



ARM Macro Assembler    Page 2 


                                                            ©ÇÁêÊÇÕRESETÉZÉNÉVÉ
                                                            áÉìÇ≈READONLYÇ»ÇÃÇ≈
                                                            ROMè„Ç…
   31 00000000                 EXPORT           __Vectors
   32 00000000         
   33 00000000 00000000 
                       __Vectors
                               DCD              __initial_sp ; Top of Stack
   34 00000004 00000000        DCD              Reset_Handler ; Reset Handler
   35 00000008 00000000        DCD              NMI_Handler ; NMI Handler
   36 0000000C 00000000        DCD              HardFault_Handler ; Hard Fault 
                                                            Handler
   37 00000010 00000000        DCD              MemManage_Handler 
                                                            ; MPU Fault Handler
                                                            
   38 00000014 00000000        DCD              BusFault_Handler 
                                                            ; Bus Fault Handler
                                                            
   39 00000018 00000000        DCD              UsageFault_Handler ; Usage Faul
                                                            t Handler
   40 0000001C 00000000        DCD              0           ; Reserved
   41 00000020 00000000        DCD              0           ; Reserved
   42 00000024 00000000        DCD              0           ; Reserved
   43 00000028 00000000        DCD              0           ; Reserved
   44 0000002C 00000000        DCD              SVC_Handler ; SVCall Handler
   45 00000030 00000000        DCD              DebugMon_Handler ; Debug Monito
                                                            r Handler
   46 00000034 00000000        DCD              0           ; Reserved
   47 00000038 00000000        DCD              PendSV_Handler ; PendSV Handler
                                                            
   48 0000003C 00000000        DCD              SysTick_Handler 
                                                            ; SysTick Handler
   49 00000040         
   50 00000040         
   51 00000040                 AREA             |.text|, CODE, READONLY ;<--Ç±Ç
                                                            ±Ç©ÇÁÇÕÉvÉçÉOÉâÉÄÇÃ
                                                            ñ{ëÃÅAREADONLYÇ»ÇÃÇ
                                                            ≈ROMè„Ç…
   52 00000000         
   53 00000000         ; Reset handler
   54 00000000         Reset_Handler
                               PROC
   55 00000000                 EXPORT           Reset_Handler             [WEAK
]
   56 00000000         ; ******************************************************
                       ***************
   57 00000000         ; kadai program is here    
   58 00000000         ; ******************************************************
                       ***************
   59 00000000 4C26            LDR              R4,=RCC_APB2ENR ;É|Å|ÉgÇÃèâä˙âª
                                                            
   60 00000002 F04F 0504       MOV              R5,#0X04
   61 00000006 6025            STR              R5,[R4]
   62 00000008 F04F 3133       LDR              R1,=0X33333333
   63 0000000C 4A24            LDR              R2,=GPIOA_CRL
   64 0000000E 6011            STR              R1,[R2]
   65 00000010 4C24            LDR              R4,=AFIO_MAPR
   66 00000012 F04F 7500       LDR              R5,=0x02000000
   67 00000016 6025            STR              R5,[R4]



ARM Macro Assembler    Page 3 


   68 00000018 4C23            LDR              R4,=GPIOB_CRL
   69 0000001A F04F 3533       LDR              R5,=0x33333333
   70 0000001E 6025            STR              R5,[R4]
   71 00000020 4C22            LDR              R4,=GPIOB_ODR
   72 00000022 F04F 0500       LDR              R5,=0x0000
   73 00000026 6025            STR              R5,[R4]
   74 00000028         
   75 00000028 4B21            LDR              R3,=GPIOA_ODR
   76 0000002A         LOOP
   77 0000002A 4E22            LDR              R6,=data
   78 0000002C 4F22            LDR              R7,=dataend
   79 0000002E         LOOP1
   80 0000002E 6830            LDR              R0,[R6]
   81 00000030 4680            MOV              R8,R0
   82 00000032 6018            STR              R0,[R3]
   83 00000034 F000 F818       BL               DELAY
   84 00000038 F000 F816       BL               DELAY
   85 0000003C F000 F814       BL               DELAY
   86 00000040 F000 F812       BL               DELAY
   87 00000044 F000 F810       BL               DELAY
   88 00000048 F000 F80E       BL               DELAY
   89 0000004C F000 F80C       BL               DELAY
   90 00000050 F000 F80A       BL               DELAY
   91 00000054 F000 F808       BL               DELAY
   92 00000058 F000 F806       BL               DELAY
   93 0000005C         
   94 0000005C F106 0604       ADD              R6,#4
   95 00000060         
   96 00000060 42BE            CMP              R6,R7
   97 00000062 D1E4            BNE              LOOP1
   98 00000064 D0E1            BEQ              LOOP
   99 00000066         
  100 00000066 E7FE            B                .
  101 00000068         
  102 00000068         DELAY
  103 00000068         
  104 00000068 B401            PUSH             {R0}
  105 0000006A         
  106 0000006A F64F 70FF       LDR              R0,=0xFFFF
  107 0000006E         
  108 0000006E         DELAY_LOOP
  109 0000006E         
  110 0000006E F1A0 0001       SUB              R0,#1
  111 00000072         
  112 00000072 2800            CMP              R0,#0
  113 00000074         
  114 00000074 D1FB            BNE              DELAY_LOOP
  115 00000076         
  116 00000076 BC01            POP              {R0}
  117 00000078         
  118 00000078 4770            BX               LR
  119 0000007A         
  120 0000007A         
  121 0000007A         
  122 0000007A         ;  ALIGN 4  ; <-- Ç±Ç±Ç≈ÇSÉoÉCÉgãÊêÿÇËÇ…í≤êÆ
  123 0000007A         
  124 0000007A                 ENDP
  125 0000007A         
  126 0000007A 00 00 00000001 



ARM Macro Assembler    Page 4 


                       data    DCD              0x01
  127 00000080 00000002        DCD              0x02
  128 00000084 00000004        DCD              0x04
  129 00000088 00000008        DCD              0x08
  130 0000008C 00000010        DCD              0x10
  131 00000090 00000020        DCD              0x20
  132 00000094 00000040        DCD              0x40
  133 00000098 00000080        DCD              0x80
  134 0000009C         dataend
  135 0000009C         
  136 0000009C         ;  AREA MyData, DATA, READWRITE ;<--MyDataÉZÉNÉVÉáÉìÇÕÅA
                       DATAÇ≈RAMè„Ç…
  137 0000009C         
  138 0000009C         ;ans1  space  8
  139 0000009C         ;ans2  space  8
  140 0000009C         ;endans
  141 0000009C         
  142 0000009C         
  143 0000009C         
  144 0000009C 40021018 
              40010800 
              40010004 
              40010C00 
              40010C0C 
              4001080C 
              00000000 
              00000000         AREA             Handlers, CODE, READONLY ;<--Ha
                                                            ndlersÉZÉNÉVÉáÉìÇÕR
                                                            OMè„Ç…
  145 00000000         
  146 00000000         ; Dummy Exception Handlers (infinite loops which can be 
                       modified)
  147 00000000         
  148 00000000         NMI_Handler
                               PROC
  149 00000000                 EXPORT           NMI_Handler                [WEA
K]
  150 00000000 E7FE            B                .
  151 00000002                 ENDP
  153 00000002         HardFault_Handler
                               PROC
  154 00000002                 EXPORT           HardFault_Handler          [WEA
K]
  155 00000002 E7FE            B                .
  156 00000004                 ENDP
  158 00000004         MemManage_Handler
                               PROC
  159 00000004                 EXPORT           MemManage_Handler          [WEA
K]
  160 00000004 E7FE            B                .
  161 00000006                 ENDP
  163 00000006         BusFault_Handler
                               PROC
  164 00000006                 EXPORT           BusFault_Handler           [WEA
K]
  165 00000006 E7FE            B                .
  166 00000008                 ENDP
  168 00000008         UsageFault_Handler
                               PROC



ARM Macro Assembler    Page 5 


  169 00000008                 EXPORT           UsageFault_Handler         [WEA
K]
  170 00000008 E7FE            B                .
  171 0000000A                 ENDP
  172 0000000A         SVC_Handler
                               PROC
  173 0000000A                 EXPORT           SVC_Handler                [WEA
K]
  174 0000000A E7FE            B                .
  175 0000000C                 ENDP
  177 0000000C         DebugMon_Handler
                               PROC
  178 0000000C                 EXPORT           DebugMon_Handler           [WEA
K]
  179 0000000C E7FE            B                .
  180 0000000E                 ENDP
  181 0000000E         PendSV_Handler
                               PROC
  182 0000000E                 EXPORT           PendSV_Handler             [WEA
K]
  183 0000000E E7FE            B                .
  184 00000010                 ENDP
  185 00000010         SysTick_Handler
                               PROC
  186 00000010                 EXPORT           SysTick_Handler            [WEA
K]
  187 00000010 E7FE            B                .
  188 00000012                 ENDP
  189 00000012         
  190 00000012         
  191 00000012                 END
Command Line: --debug --xref --diag_suppress=9931 --cpu=Cortex-M3 --apcs=interw
ork --depend=.\objects\tbl_1.d -o.\objects\tbl_1.o -I.\RTE\_Target_1 -IC:\Keil_
v5\ARM\PACK\Keil\STM32F1xx_DFP\2.2.0\Device\Include -IC:\Keil_v5\ARM\CMSIS\Incl
ude --predefine="__UVISION_VERSION SETA 524" --predefine="STM32F10X_MD_VL SETA 
1" --list=.\listings\tbl_1.lst tbl_1.s



ARM Macro Assembler    Page 1 Alphabetic symbol ordering
Relocatable symbols

STACK 00000000

Symbol: STACK
   Definitions
      At line 20 in file tbl_1.s
   Uses
      None
Comment: STACK unused
Stack_Mem 00000000

Symbol: Stack_Mem
   Definitions
      At line 21 in file tbl_1.s
   Uses
      None
Comment: Stack_Mem unused
__initial_sp 00000400

Symbol: __initial_sp
   Definitions
      At line 22 in file tbl_1.s
   Uses
      At line 33 in file tbl_1.s
Comment: __initial_sp used once
3 symbols



ARM Macro Assembler    Page 1 Alphabetic symbol ordering
Relocatable symbols

RESET 00000000

Symbol: RESET
   Definitions
      At line 30 in file tbl_1.s
   Uses
      None
Comment: RESET unused
__Vectors 00000000

Symbol: __Vectors
   Definitions
      At line 33 in file tbl_1.s
   Uses
      At line 31 in file tbl_1.s
Comment: __Vectors used once
2 symbols



ARM Macro Assembler    Page 1 Alphabetic symbol ordering
Relocatable symbols

.text 00000000

Symbol: .text
   Definitions
      At line 51 in file tbl_1.s
   Uses
      None
Comment: .text unused
DELAY 00000068

Symbol: DELAY
   Definitions
      At line 102 in file tbl_1.s
   Uses
      At line 83 in file tbl_1.s
      At line 84 in file tbl_1.s
      At line 85 in file tbl_1.s
      At line 86 in file tbl_1.s
      At line 87 in file tbl_1.s
      At line 88 in file tbl_1.s
      At line 89 in file tbl_1.s
      At line 90 in file tbl_1.s
      At line 91 in file tbl_1.s
      At line 92 in file tbl_1.s

DELAY_LOOP 0000006E

Symbol: DELAY_LOOP
   Definitions
      At line 108 in file tbl_1.s
   Uses
      At line 114 in file tbl_1.s
Comment: DELAY_LOOP used once
LOOP 0000002A

Symbol: LOOP
   Definitions
      At line 76 in file tbl_1.s
   Uses
      At line 98 in file tbl_1.s
Comment: LOOP used once
LOOP1 0000002E

Symbol: LOOP1
   Definitions
      At line 79 in file tbl_1.s
   Uses
      At line 97 in file tbl_1.s
Comment: LOOP1 used once
Reset_Handler 00000000

Symbol: Reset_Handler
   Definitions
      At line 54 in file tbl_1.s
   Uses
      At line 34 in file tbl_1.s
      At line 55 in file tbl_1.s

data 0000007C



ARM Macro Assembler    Page 2 Alphabetic symbol ordering
Relocatable symbols


Symbol: data
   Definitions
      At line 126 in file tbl_1.s
   Uses
      At line 77 in file tbl_1.s
Comment: data used once
dataend 0000009C

Symbol: dataend
   Definitions
      At line 134 in file tbl_1.s
   Uses
      At line 78 in file tbl_1.s
Comment: dataend used once
8 symbols



ARM Macro Assembler    Page 1 Alphabetic symbol ordering
Relocatable symbols

BusFault_Handler 00000006

Symbol: BusFault_Handler
   Definitions
      At line 163 in file tbl_1.s
   Uses
      At line 38 in file tbl_1.s
      At line 164 in file tbl_1.s

DebugMon_Handler 0000000C

Symbol: DebugMon_Handler
   Definitions
      At line 177 in file tbl_1.s
   Uses
      At line 45 in file tbl_1.s
      At line 178 in file tbl_1.s

Handlers 00000000

Symbol: Handlers
   Definitions
      At line 144 in file tbl_1.s
   Uses
      None
Comment: Handlers unused
HardFault_Handler 00000002

Symbol: HardFault_Handler
   Definitions
      At line 153 in file tbl_1.s
   Uses
      At line 36 in file tbl_1.s
      At line 154 in file tbl_1.s

MemManage_Handler 00000004

Symbol: MemManage_Handler
   Definitions
      At line 158 in file tbl_1.s
   Uses
      At line 37 in file tbl_1.s
      At line 159 in file tbl_1.s

NMI_Handler 00000000

Symbol: NMI_Handler
   Definitions
      At line 148 in file tbl_1.s
   Uses
      At line 35 in file tbl_1.s
      At line 149 in file tbl_1.s

PendSV_Handler 0000000E

Symbol: PendSV_Handler
   Definitions
      At line 181 in file tbl_1.s
   Uses



ARM Macro Assembler    Page 2 Alphabetic symbol ordering
Relocatable symbols

      At line 47 in file tbl_1.s
      At line 182 in file tbl_1.s

SVC_Handler 0000000A

Symbol: SVC_Handler
   Definitions
      At line 172 in file tbl_1.s
   Uses
      At line 44 in file tbl_1.s
      At line 173 in file tbl_1.s

SysTick_Handler 00000010

Symbol: SysTick_Handler
   Definitions
      At line 185 in file tbl_1.s
   Uses
      At line 48 in file tbl_1.s
      At line 186 in file tbl_1.s

UsageFault_Handler 00000008

Symbol: UsageFault_Handler
   Definitions
      At line 168 in file tbl_1.s
   Uses
      At line 39 in file tbl_1.s
      At line 169 in file tbl_1.s

10 symbols



ARM Macro Assembler    Page 1 Alphabetic symbol ordering
Absolute symbols

AFIO_MAPR 40010004

Symbol: AFIO_MAPR
   Definitions
      At line 17 in file tbl_1.s
   Uses
      At line 65 in file tbl_1.s
Comment: AFIO_MAPR used once
GPIOA_CRH 40010804

Symbol: GPIOA_CRH
   Definitions
      At line 9 in file tbl_1.s
   Uses
      None
Comment: GPIOA_CRH unused
GPIOA_CRL 40010800

Symbol: GPIOA_CRL
   Definitions
      At line 8 in file tbl_1.s
   Uses
      At line 63 in file tbl_1.s
Comment: GPIOA_CRL used once
GPIOA_IDR 40010808

Symbol: GPIOA_IDR
   Definitions
      At line 10 in file tbl_1.s
   Uses
      None
Comment: GPIOA_IDR unused
GPIOA_ODR 4001080C

Symbol: GPIOA_ODR
   Definitions
      At line 11 in file tbl_1.s
   Uses
      At line 75 in file tbl_1.s
Comment: GPIOA_ODR used once
GPIOB_CRH 40010C04

Symbol: GPIOB_CRH
   Definitions
      At line 13 in file tbl_1.s
   Uses
      None
Comment: GPIOB_CRH unused
GPIOB_CRL 40010C00

Symbol: GPIOB_CRL
   Definitions
      At line 12 in file tbl_1.s
   Uses
      At line 68 in file tbl_1.s
Comment: GPIOB_CRL used once
GPIOB_IDR 40010C08

Symbol: GPIOB_IDR



ARM Macro Assembler    Page 2 Alphabetic symbol ordering
Absolute symbols

   Definitions
      At line 14 in file tbl_1.s
   Uses
      None
Comment: GPIOB_IDR unused
GPIOB_ODR 40010C0C

Symbol: GPIOB_ODR
   Definitions
      At line 15 in file tbl_1.s
   Uses
      At line 71 in file tbl_1.s
Comment: GPIOB_ODR used once
RCC_APB2ENR 40021018

Symbol: RCC_APB2ENR
   Definitions
      At line 16 in file tbl_1.s
   Uses
      At line 59 in file tbl_1.s
Comment: RCC_APB2ENR used once
Stack_Size 00000400

Symbol: Stack_Size
   Definitions
      At line 6 in file tbl_1.s
   Uses
      At line 21 in file tbl_1.s
Comment: Stack_Size used once
11 symbols
368 symbols in table
