Vivado Simulator 2015.4
Time resolution is 1 ps
                   0 clk=0 reset=0 dec=1 count60=x x
                  50 clk=1 reset=0 dec=1 count60=x x
                 100 clk=0 reset=1 dec=1 count60=0 0
                 150 clk=1 reset=1 dec=1 count60=0 0
                 200 clk=0 reset=1 dec=1 count60=0 0
                 250 clk=1 reset=1 dec=1 count60=0 0
                 300 clk=0 reset=1 dec=1 count60=0 0
                 350 clk=1 reset=1 dec=1 count60=0 0
                 400 clk=0 reset=1 dec=1 count60=0 0
                 450 clk=1 reset=1 dec=1 count60=0 0
                 500 clk=0 reset=1 dec=1 count60=0 0
                 550 clk=1 reset=1 dec=1 count60=0 0
                 600 clk=0 reset=1 dec=1 count60=0 0
                 650 clk=1 reset=1 dec=1 count60=0 0
                 700 clk=0 reset=1 dec=1 count60=0 0
                 750 clk=1 reset=1 dec=1 count60=0 0
                 800 clk=0 reset=1 dec=1 count60=0 0
                 850 clk=1 reset=1 dec=1 count60=0 0
                 900 clk=0 reset=1 dec=1 count60=0 0
                 950 clk=1 reset=1 dec=1 count60=0 0
                1000 clk=0 reset=1 dec=1 count60=0 0
                1050 clk=1 reset=1 dec=1 count60=0 0
                1100 clk=0 reset=1 dec=1 count60=0 0
                1150 clk=1 reset=1 dec=1 count60=0 0
                1200 clk=0 reset=1 dec=1 count60=0 0
                1250 clk=1 reset=1 dec=1 count60=0 0
                1300 clk=0 reset=1 dec=1 count60=0 0
                1350 clk=1 reset=1 dec=1 count60=0 0
                1400 clk=0 reset=1 dec=1 count60=0 0
                1450 clk=1 reset=1 dec=1 count60=0 0
                1500 clk=0 reset=1 dec=1 count60=0 0
                1550 clk=1 reset=1 dec=1 count60=0 0
                1600 clk=0 reset=1 dec=1 count60=0 0
                1650 clk=1 reset=1 dec=1 count60=0 0
                1700 clk=0 reset=1 dec=1 count60=0 0
                1750 clk=1 reset=1 dec=1 count60=0 0
                1800 clk=0 reset=1 dec=1 count60=0 0
                1850 clk=1 reset=1 dec=1 count60=0 0
                1900 clk=0 reset=1 dec=1 count60=0 0
                1950 clk=1 reset=1 dec=1 count60=0 0
                2000 clk=0 reset=1 dec=1 count60=0 0
                2050 clk=1 reset=1 dec=1 count60=0 0
                2100 clk=0 reset=1 dec=1 count60=0 0
                2150 clk=1 reset=1 dec=1 count60=0 0
                2200 clk=0 reset=1 dec=1 count60=0 0
                2250 clk=1 reset=1 dec=1 count60=0 0
                2300 clk=0 reset=1 dec=1 count60=0 0
                2350 clk=1 reset=1 dec=1 count60=0 0
                2400 clk=0 reset=1 dec=1 count60=0 0
                2450 clk=1 reset=1 dec=1 count60=0 0
                2500 clk=0 reset=1 dec=1 count60=0 0
                2550 clk=1 reset=1 dec=1 count60=0 0
                2600 clk=0 reset=1 dec=1 count60=0 0
                2650 clk=1 reset=1 dec=1 count60=0 0
                2700 clk=0 reset=1 dec=1 count60=0 0
                2750 clk=1 reset=1 dec=1 count60=0 0
                2800 clk=0 reset=1 dec=1 count60=0 0
                2850 clk=1 reset=1 dec=1 count60=0 0
                2900 clk=0 reset=1 dec=1 count60=0 0
                2950 clk=1 reset=1 dec=1 count60=0 0
                3000 clk=0 reset=1 dec=1 count60=0 0
                3050 clk=1 reset=1 dec=1 count60=0 0
                3100 clk=0 reset=1 dec=1 count60=0 0
                3150 clk=1 reset=1 dec=1 count60=0 0
                3200 clk=0 reset=1 dec=1 count60=0 0
                3250 clk=1 reset=1 dec=1 count60=0 0
                3300 clk=0 reset=1 dec=1 count60=0 0
                3350 clk=1 reset=1 dec=1 count60=0 0
                3400 clk=0 reset=1 dec=1 count60=0 0
                3450 clk=1 reset=1 dec=1 count60=0 0
                3500 clk=0 reset=1 dec=1 count60=0 0
                3550 clk=1 reset=1 dec=1 count60=0 0
                3600 clk=0 reset=1 dec=1 count60=0 0
                3650 clk=1 reset=1 dec=1 count60=0 0
                3700 clk=0 reset=1 dec=1 count60=0 0
                3750 clk=1 reset=1 dec=1 count60=0 0
                3800 clk=0 reset=1 dec=1 count60=0 0
                3850 clk=1 reset=1 dec=1 count60=0 0
                3900 clk=0 reset=1 dec=1 count60=0 0
                3950 clk=1 reset=1 dec=1 count60=0 0
                4000 clk=0 reset=1 dec=1 count60=0 0
                4050 clk=1 reset=1 dec=1 count60=0 0
                4100 clk=0 reset=1 dec=1 count60=0 0
                4150 clk=1 reset=1 dec=1 count60=0 0
                4200 clk=0 reset=1 dec=1 count60=0 0
                4250 clk=1 reset=1 dec=1 count60=0 0
                4300 clk=0 reset=1 dec=1 count60=0 0
                4350 clk=1 reset=1 dec=1 count60=0 0
                4400 clk=0 reset=1 dec=1 count60=0 0
                4450 clk=1 reset=1 dec=1 count60=0 0
                4500 clk=0 reset=1 dec=1 count60=0 0
                4550 clk=1 reset=1 dec=1 count60=0 0
                4600 clk=0 reset=1 dec=1 count60=0 0
                4650 clk=1 reset=1 dec=1 count60=0 0
                4700 clk=0 reset=1 dec=1 count60=0 0
                4750 clk=1 reset=1 dec=1 count60=0 0
                4800 clk=0 reset=1 dec=1 count60=0 0
                4850 clk=1 reset=1 dec=1 count60=0 0
                4900 clk=0 reset=1 dec=1 count60=0 0
                4950 clk=1 reset=1 dec=1 count60=0 0
                5000 clk=0 reset=1 dec=1 count60=0 0
                5050 clk=1 reset=1 dec=1 count60=0 0
                5100 clk=0 reset=1 dec=1 count60=0 0
                5150 clk=1 reset=1 dec=1 count60=0 0
                5200 clk=0 reset=1 dec=1 count60=0 0
                5250 clk=1 reset=1 dec=1 count60=0 0
                5300 clk=0 reset=1 dec=1 count60=0 0
                5350 clk=1 reset=1 dec=1 count60=0 0
                5400 clk=0 reset=1 dec=1 count60=0 0
                5450 clk=1 reset=1 dec=1 count60=0 0
                5500 clk=0 reset=1 dec=1 count60=0 0
                5550 clk=1 reset=1 dec=1 count60=0 0
                5600 clk=0 reset=1 dec=1 count60=0 0
                5650 clk=1 reset=1 dec=1 count60=0 0
                5700 clk=0 reset=1 dec=1 count60=0 0
                5750 clk=1 reset=1 dec=1 count60=0 0
                5800 clk=0 reset=1 dec=1 count60=0 0
                5850 clk=1 reset=1 dec=1 count60=0 0
                5900 clk=0 reset=1 dec=1 count60=0 0
                5950 clk=1 reset=1 dec=1 count60=0 0
                6000 clk=0 reset=1 dec=1 count60=0 0
                6050 clk=1 reset=1 dec=1 count60=0 0
                6100 clk=0 reset=1 dec=1 count60=0 0
                6150 clk=1 reset=1 dec=1 count60=0 0
                6200 clk=0 reset=1 dec=1 count60=0 0
                6250 clk=1 reset=1 dec=1 count60=0 0
                6300 clk=0 reset=1 dec=1 count60=0 0
                6350 clk=1 reset=1 dec=1 count60=0 0
                6400 clk=0 reset=1 dec=1 count60=0 0
                6450 clk=1 reset=1 dec=1 count60=0 0
                6500 clk=0 reset=1 dec=1 count60=0 0
                6550 clk=1 reset=1 dec=1 count60=0 0
                6600 clk=0 reset=1 dec=1 count60=0 0
                6650 clk=1 reset=1 dec=1 count60=0 0
                6700 clk=0 reset=1 dec=1 count60=0 0
                6750 clk=1 reset=1 dec=1 count60=0 0
                6800 clk=0 reset=1 dec=1 count60=0 0
                6850 clk=1 reset=1 dec=1 count60=0 0
                6900 clk=0 reset=1 dec=1 count60=0 0
                6950 clk=1 reset=1 dec=1 count60=0 0
                7000 clk=0 reset=1 dec=1 count60=0 0
                7050 clk=1 reset=1 dec=1 count60=0 0
                7100 clk=0 reset=1 dec=1 count60=0 0
                7150 clk=1 reset=1 dec=1 count60=0 0
                7200 clk=0 reset=1 dec=1 count60=0 0
                7250 clk=1 reset=1 dec=1 count60=0 0
                7300 clk=0 reset=1 dec=1 count60=0 0
                7350 clk=1 reset=1 dec=1 count60=0 0
                7400 clk=0 reset=1 dec=1 count60=0 0
                7450 clk=1 reset=1 dec=1 count60=0 0
                7500 clk=0 reset=1 dec=1 count60=0 0
                7550 clk=1 reset=1 dec=1 count60=0 0
                7600 clk=0 reset=1 dec=1 count60=0 0
                7650 clk=1 reset=1 dec=1 count60=0 0
                7700 clk=0 reset=1 dec=1 count60=0 0
                7750 clk=1 reset=1 dec=1 count60=0 0
                7800 clk=0 reset=1 dec=1 count60=0 0
                7850 clk=1 reset=1 dec=1 count60=0 0
                7900 clk=0 reset=1 dec=1 count60=0 0
                7950 clk=1 reset=1 dec=1 count60=0 0
                8000 clk=0 reset=1 dec=1 count60=0 0
                8050 clk=1 reset=1 dec=1 count60=0 0
                8100 clk=0 reset=1 dec=1 count60=0 0
                8150 clk=1 reset=1 dec=1 count60=0 0
                8200 clk=0 reset=1 dec=1 count60=0 0
                8250 clk=1 reset=1 dec=1 count60=0 0
                8300 clk=0 reset=1 dec=1 count60=0 0
                8350 clk=1 reset=1 dec=1 count60=0 0
                8400 clk=0 reset=1 dec=1 count60=0 0
                8450 clk=1 reset=1 dec=1 count60=0 0
                8500 clk=0 reset=1 dec=1 count60=0 0
                8550 clk=1 reset=1 dec=1 count60=0 0
                8600 clk=0 reset=1 dec=1 count60=0 0
                8650 clk=1 reset=1 dec=1 count60=0 0
                8700 clk=0 reset=1 dec=1 count60=0 0
                8750 clk=1 reset=1 dec=1 count60=0 0
                8800 clk=0 reset=1 dec=1 count60=0 0
                8850 clk=1 reset=1 dec=1 count60=0 0
                8900 clk=0 reset=1 dec=1 count60=0 0
                8950 clk=1 reset=1 dec=1 count60=0 0
                9000 clk=0 reset=1 dec=1 count60=0 0
                9050 clk=1 reset=1 dec=1 count60=0 0
                9100 clk=0 reset=1 dec=1 count60=0 0
                9150 clk=1 reset=1 dec=1 count60=0 0
                9200 clk=0 reset=1 dec=1 count60=0 0
                9250 clk=1 reset=1 dec=1 count60=0 0
                9300 clk=0 reset=1 dec=1 count60=0 0
                9350 clk=1 reset=1 dec=1 count60=0 0
                9400 clk=0 reset=1 dec=1 count60=0 0
                9450 clk=1 reset=1 dec=1 count60=0 0
                9500 clk=0 reset=1 dec=1 count60=0 0
                9550 clk=1 reset=1 dec=1 count60=0 0
                9600 clk=0 reset=1 dec=1 count60=0 0
                9650 clk=1 reset=1 dec=1 count60=0 0
                9700 clk=0 reset=1 dec=1 count60=0 0
                9750 clk=1 reset=1 dec=1 count60=0 0
                9800 clk=0 reset=1 dec=1 count60=0 0
                9850 clk=1 reset=1 dec=1 count60=0 0
                9900 clk=0 reset=1 dec=1 count60=0 0
                9950 clk=1 reset=1 dec=1 count60=0 0
               10000 clk=0 reset=1 dec=1 count60=0 0
               10050 clk=1 reset=1 dec=1 count60=0 0
               10100 clk=0 reset=1 dec=1 count60=0 0
               10150 clk=1 reset=1 dec=1 count60=0 0
               10200 clk=0 reset=1 dec=1 count60=0 0
               10250 clk=1 reset=1 dec=1 count60=0 0
               10300 clk=0 reset=1 dec=1 count60=0 0
               10350 clk=1 reset=1 dec=1 count60=0 0
               10400 clk=0 reset=1 dec=1 count60=0 0
               10450 clk=1 reset=1 dec=1 count60=0 0
               10500 clk=0 reset=1 dec=1 count60=0 0
               10550 clk=1 reset=1 dec=1 count60=0 0
               10600 clk=0 reset=1 dec=1 count60=0 0
               10650 clk=1 reset=1 dec=1 count60=0 0
               10700 clk=0 reset=1 dec=1 count60=0 0
               10750 clk=1 reset=1 dec=1 count60=0 0
               10800 clk=0 reset=1 dec=1 count60=0 0
               10850 clk=1 reset=1 dec=1 count60=0 0
               10900 clk=0 reset=1 dec=1 count60=0 0
               10950 clk=1 reset=1 dec=1 count60=0 0
               11000 clk=0 reset=1 dec=1 count60=0 0
               11050 clk=1 reset=1 dec=1 count60=0 0
               11100 clk=0 reset=1 dec=1 count60=0 0
               11150 clk=1 reset=1 dec=1 count60=0 0
               11200 clk=0 reset=1 dec=1 count60=0 0
               11250 clk=1 reset=1 dec=1 count60=0 0
               11300 clk=0 reset=1 dec=1 count60=0 0
               11350 clk=1 reset=1 dec=1 count60=0 0
               11400 clk=0 reset=1 dec=1 count60=0 0
               11450 clk=1 reset=1 dec=1 count60=0 0
               11500 clk=0 reset=1 dec=1 count60=0 0
               11550 clk=1 reset=1 dec=1 count60=0 0
               11600 clk=0 reset=1 dec=1 count60=0 0
               11650 clk=1 reset=1 dec=1 count60=0 0
               11700 clk=0 reset=1 dec=1 count60=0 0
               11750 clk=1 reset=1 dec=1 count60=0 0
               11800 clk=0 reset=1 dec=1 count60=0 0
               11850 clk=1 reset=1 dec=1 count60=0 0
               11900 clk=0 reset=1 dec=1 count60=0 0
               11950 clk=1 reset=1 dec=1 count60=0 0
               12000 clk=0 reset=1 dec=1 count60=0 0
               12050 clk=1 reset=1 dec=1 count60=0 0
               12100 clk=0 reset=1 dec=1 count60=0 0
               12150 clk=1 reset=1 dec=1 count60=0 0
               12200 clk=0 reset=1 dec=1 count60=0 0
               12250 clk=1 reset=1 dec=1 count60=0 0
               12300 clk=0 reset=1 dec=1 count60=0 0
               12350 clk=1 reset=1 dec=1 count60=0 0
               12400 clk=0 reset=1 dec=1 count60=0 0
               12450 clk=1 reset=1 dec=1 count60=0 0
               12500 clk=0 reset=1 dec=1 count60=0 0
               12550 clk=1 reset=1 dec=1 count60=0 0
               12600 clk=0 reset=1 dec=1 count60=0 0
               12650 clk=1 reset=1 dec=1 count60=0 0
               12700 clk=0 reset=1 dec=1 count60=0 0
               12750 clk=1 reset=1 dec=1 count60=0 0
               12800 clk=0 reset=1 dec=1 count60=0 0
               12850 clk=1 reset=1 dec=1 count60=0 0
               12900 clk=0 reset=1 dec=1 count60=0 0
               12950 clk=1 reset=1 dec=1 count60=0 0
               13000 clk=0 reset=1 dec=1 count60=0 0
               13050 clk=1 reset=1 dec=1 count60=0 0
               13100 clk=0 reset=1 dec=1 count60=0 0
               13150 clk=1 reset=1 dec=1 count60=0 0
               13200 clk=0 reset=1 dec=1 count60=0 0
               13250 clk=1 reset=1 dec=1 count60=0 0
               13300 clk=0 reset=1 dec=1 count60=0 0
               13350 clk=1 reset=1 dec=1 count60=0 0
               13400 clk=0 reset=1 dec=1 count60=0 0
               13450 clk=1 reset=1 dec=1 count60=0 0
               13500 clk=0 reset=1 dec=1 count60=0 0
               13550 clk=1 reset=1 dec=1 count60=0 0
               13600 clk=0 reset=1 dec=1 count60=0 0
               13650 clk=1 reset=1 dec=1 count60=0 0
               13700 clk=0 reset=1 dec=1 count60=0 0
               13750 clk=1 reset=1 dec=1 count60=0 0
               13800 clk=0 reset=1 dec=1 count60=0 0
               13850 clk=1 reset=1 dec=1 count60=0 0
               13900 clk=0 reset=1 dec=1 count60=0 0
               13950 clk=1 reset=1 dec=1 count60=0 0
               14000 clk=0 reset=1 dec=1 count60=0 0
               14050 clk=1 reset=1 dec=1 count60=0 0
               14100 clk=0 reset=1 dec=1 count60=0 0
               14150 clk=1 reset=1 dec=1 count60=0 0
               14200 clk=0 reset=1 dec=1 count60=0 0
               14250 clk=1 reset=1 dec=1 count60=0 0
               14300 clk=0 reset=1 dec=1 count60=0 0
               14350 clk=1 reset=1 dec=1 count60=0 0
               14400 clk=0 reset=1 dec=1 count60=0 0
               14450 clk=1 reset=1 dec=1 count60=0 0
               14500 clk=0 reset=1 dec=1 count60=0 0
               14550 clk=1 reset=1 dec=1 count60=0 0
               14600 clk=0 reset=1 dec=1 count60=0 0
               14650 clk=1 reset=1 dec=1 count60=0 0
               14700 clk=0 reset=1 dec=1 count60=0 0
               14750 clk=1 reset=1 dec=1 count60=0 0
               14800 clk=0 reset=1 dec=1 count60=0 0
               14850 clk=1 reset=1 dec=1 count60=0 0
               14900 clk=0 reset=1 dec=1 count60=0 0
               14950 clk=1 reset=1 dec=1 count60=0 0
               15000 clk=0 reset=1 dec=1 count60=0 0
               15050 clk=1 reset=1 dec=1 count60=0 0
               15100 clk=0 reset=1 dec=1 count60=0 0
               15150 clk=1 reset=1 dec=1 count60=0 0
               15200 clk=0 reset=1 dec=1 count60=0 0
               15250 clk=1 reset=1 dec=1 count60=0 0
               15300 clk=0 reset=1 dec=1 count60=0 0
               15350 clk=1 reset=1 dec=1 count60=0 0
               15400 clk=0 reset=1 dec=1 count60=0 0
               15450 clk=1 reset=1 dec=1 count60=0 0
               15500 clk=0 reset=1 dec=1 count60=0 0
               15550 clk=1 reset=1 dec=1 count60=0 0
               15600 clk=0 reset=1 dec=1 count60=0 0
               15650 clk=1 reset=1 dec=1 count60=0 0
               15700 clk=0 reset=1 dec=1 count60=0 0
               15750 clk=1 reset=1 dec=1 count60=0 0
               15800 clk=0 reset=1 dec=1 count60=0 0
               15850 clk=1 reset=1 dec=1 count60=0 0
               15900 clk=0 reset=1 dec=1 count60=0 0
               15950 clk=1 reset=1 dec=1 count60=0 0
               16000 clk=0 reset=1 dec=1 count60=0 0
               16050 clk=1 reset=1 dec=1 count60=0 0
               16100 clk=0 reset=1 dec=1 count60=0 0
               16150 clk=1 reset=1 dec=1 count60=0 0
               16200 clk=0 reset=1 dec=1 count60=0 0
               16250 clk=1 reset=1 dec=1 count60=0 0
               16300 clk=0 reset=1 dec=1 count60=0 0
               16350 clk=1 reset=1 dec=1 count60=0 0
               16400 clk=0 reset=1 dec=1 count60=0 0
               16450 clk=1 reset=1 dec=1 count60=0 0
               16500 clk=0 reset=1 dec=1 count60=0 0
               16550 clk=1 reset=1 dec=1 count60=0 0
               16600 clk=0 reset=1 dec=1 count60=0 0
               16650 clk=1 reset=1 dec=1 count60=0 0
               16700 clk=0 reset=1 dec=1 count60=0 0
               16750 clk=1 reset=1 dec=1 count60=0 0
               16800 clk=0 reset=1 dec=1 count60=0 0
               16850 clk=1 reset=1 dec=1 count60=0 0
               16900 clk=0 reset=1 dec=1 count60=0 0
               16950 clk=1 reset=1 dec=1 count60=0 0
               17000 clk=0 reset=1 dec=1 count60=0 0
               17050 clk=1 reset=1 dec=1 count60=0 0
               17100 clk=0 reset=1 dec=1 count60=0 0
               17150 clk=1 reset=1 dec=1 count60=0 0
               17200 clk=0 reset=1 dec=1 count60=0 0
               17250 clk=1 reset=1 dec=1 count60=0 0
               17300 clk=0 reset=1 dec=1 count60=0 0
               17350 clk=1 reset=1 dec=1 count60=0 0
               17400 clk=0 reset=1 dec=1 count60=0 0
               17450 clk=1 reset=1 dec=1 count60=0 0
               17500 clk=0 reset=1 dec=1 count60=0 0
               17550 clk=1 reset=1 dec=1 count60=0 0
               17600 clk=0 reset=1 dec=1 count60=0 0
               17650 clk=1 reset=1 dec=1 count60=0 0
               17700 clk=0 reset=1 dec=1 count60=0 0
               17750 clk=1 reset=1 dec=1 count60=0 0
               17800 clk=0 reset=1 dec=1 count60=0 0
               17850 clk=1 reset=1 dec=1 count60=0 0
               17900 clk=0 reset=1 dec=1 count60=0 0
               17950 clk=1 reset=1 dec=1 count60=0 0
               18000 clk=0 reset=1 dec=1 count60=0 0
               18050 clk=1 reset=1 dec=1 count60=0 0
               18100 clk=0 reset=1 dec=1 count60=0 0
               18150 clk=1 reset=1 dec=1 count60=0 0
               18200 clk=0 reset=1 dec=1 count60=0 0
               18250 clk=1 reset=1 dec=1 count60=0 0
               18300 clk=0 reset=1 dec=1 count60=0 0
               18350 clk=1 reset=1 dec=1 count60=0 0
               18400 clk=0 reset=1 dec=1 count60=0 0
               18450 clk=1 reset=1 dec=1 count60=0 0
               18500 clk=0 reset=1 dec=1 count60=0 0
               18550 clk=1 reset=1 dec=1 count60=0 0
               18600 clk=0 reset=1 dec=1 count60=0 0
               18650 clk=1 reset=1 dec=1 count60=0 0
               18700 clk=0 reset=1 dec=1 count60=0 0
               18750 clk=1 reset=1 dec=1 count60=0 0
               18800 clk=0 reset=1 dec=1 count60=0 0
               18850 clk=1 reset=1 dec=1 count60=0 0
               18900 clk=0 reset=1 dec=1 count60=0 0
               18950 clk=1 reset=1 dec=1 count60=0 0
               19000 clk=0 reset=1 dec=1 count60=0 0
               19050 clk=1 reset=1 dec=1 count60=0 0
               19100 clk=0 reset=1 dec=1 count60=0 0
               19150 clk=1 reset=1 dec=1 count60=0 0
               19200 clk=0 reset=1 dec=1 count60=0 0
               19250 clk=1 reset=1 dec=1 count60=0 0
               19300 clk=0 reset=1 dec=1 count60=0 0
               19350 clk=1 reset=1 dec=1 count60=0 0
               19400 clk=0 reset=1 dec=1 count60=0 0
               19450 clk=1 reset=1 dec=1 count60=0 0
               19500 clk=0 reset=1 dec=1 count60=0 0
               19550 clk=1 reset=1 dec=1 count60=0 0
               19600 clk=0 reset=1 dec=1 count60=0 0
               19650 clk=1 reset=1 dec=1 count60=0 0
               19700 clk=0 reset=1 dec=1 count60=0 0
               19750 clk=1 reset=1 dec=1 count60=0 0
               19800 clk=0 reset=1 dec=1 count60=0 0
               19850 clk=1 reset=1 dec=1 count60=0 0
               19900 clk=0 reset=1 dec=1 count60=0 0
               19950 clk=1 reset=1 dec=1 count60=0 0
               20000 clk=0 reset=1 dec=1 count60=0 0
               20050 clk=1 reset=1 dec=1 count60=0 0
               20100 clk=0 reset=1 dec=1 count60=0 0
               20150 clk=1 reset=1 dec=1 count60=0 0
               20200 clk=0 reset=1 dec=1 count60=0 0
               20250 clk=1 reset=1 dec=1 count60=0 0
               20300 clk=0 reset=1 dec=1 count60=0 0
               20350 clk=1 reset=1 dec=1 count60=0 0
               20400 clk=0 reset=1 dec=1 count60=0 0
               20450 clk=1 reset=1 dec=1 count60=0 0
               20500 clk=0 reset=1 dec=1 count60=0 0
               20550 clk=1 reset=1 dec=1 count60=0 0
               20600 clk=0 reset=1 dec=1 count60=0 0
               20650 clk=1 reset=1 dec=1 count60=0 0
               20700 clk=0 reset=1 dec=1 count60=0 0
               20750 clk=1 reset=1 dec=1 count60=0 0
               20800 clk=0 reset=1 dec=1 count60=0 0
               20850 clk=1 reset=1 dec=1 count60=0 0
               20900 clk=0 reset=1 dec=1 count60=0 0
               20950 clk=1 reset=1 dec=1 count60=0 0
               21000 clk=0 reset=1 dec=1 count60=0 0
               21050 clk=1 reset=1 dec=1 count60=0 0
               21100 clk=0 reset=1 dec=1 count60=0 0
               21150 clk=1 reset=1 dec=1 count60=0 0
               21200 clk=0 reset=1 dec=1 count60=0 0
               21250 clk=1 reset=1 dec=1 count60=0 0
               21300 clk=0 reset=1 dec=1 count60=0 0
               21350 clk=1 reset=1 dec=1 count60=0 0
               21400 clk=0 reset=1 dec=1 count60=0 0
               21450 clk=1 reset=1 dec=1 count60=0 0
               21500 clk=0 reset=1 dec=1 count60=0 0
               21550 clk=1 reset=1 dec=1 count60=0 0
               21600 clk=0 reset=1 dec=1 count60=0 0
               21650 clk=1 reset=1 dec=1 count60=0 0
               21700 clk=0 reset=1 dec=1 count60=0 0
               21750 clk=1 reset=1 dec=1 count60=0 0
               21800 clk=0 reset=1 dec=1 count60=0 0
               21850 clk=1 reset=1 dec=1 count60=0 0
               21900 clk=0 reset=1 dec=1 count60=0 0
               21950 clk=1 reset=1 dec=1 count60=0 0
               22000 clk=0 reset=1 dec=1 count60=0 0
               22050 clk=1 reset=1 dec=1 count60=0 0
               22100 clk=0 reset=1 dec=1 count60=0 0
               22150 clk=1 reset=1 dec=1 count60=0 0
               22200 clk=0 reset=1 dec=1 count60=0 0
               22250 clk=1 reset=1 dec=1 count60=0 0
               22300 clk=0 reset=1 dec=1 count60=0 0
               22350 clk=1 reset=1 dec=1 count60=0 0
               22400 clk=0 reset=1 dec=1 count60=0 0
               22450 clk=1 reset=1 dec=1 count60=0 0
               22500 clk=0 reset=1 dec=1 count60=0 0
               22550 clk=1 reset=1 dec=1 count60=0 0
               22600 clk=0 reset=1 dec=1 count60=0 0
               22650 clk=1 reset=1 dec=1 count60=0 0
               22700 clk=0 reset=1 dec=1 count60=0 0
               22750 clk=1 reset=1 dec=1 count60=0 0
               22800 clk=0 reset=1 dec=1 count60=0 0
               22850 clk=1 reset=1 dec=1 count60=0 0
               22900 clk=0 reset=1 dec=1 count60=0 0
               22950 clk=1 reset=1 dec=1 count60=0 0
               23000 clk=0 reset=1 dec=1 count60=0 0
               23050 clk=1 reset=1 dec=1 count60=0 0
               23100 clk=0 reset=1 dec=1 count60=0 0
               23150 clk=1 reset=1 dec=1 count60=0 0
               23200 clk=0 reset=1 dec=1 count60=0 0
               23250 clk=1 reset=1 dec=1 count60=0 0
               23300 clk=0 reset=1 dec=1 count60=0 0
               23350 clk=1 reset=1 dec=1 count60=0 0
               23400 clk=0 reset=1 dec=1 count60=0 0
               23450 clk=1 reset=1 dec=1 count60=0 0
               23500 clk=0 reset=1 dec=1 count60=0 0
               23550 clk=1 reset=1 dec=1 count60=0 0
               23600 clk=0 reset=1 dec=1 count60=0 0
               23650 clk=1 reset=1 dec=1 count60=0 0
               23700 clk=0 reset=1 dec=1 count60=0 0
               23750 clk=1 reset=1 dec=1 count60=0 0
               23800 clk=0 reset=1 dec=1 count60=0 0
               23850 clk=1 reset=1 dec=1 count60=0 0
               23900 clk=0 reset=1 dec=1 count60=0 0
               23950 clk=1 reset=1 dec=1 count60=0 0
               24000 clk=0 reset=1 dec=1 count60=0 0
               24050 clk=1 reset=1 dec=1 count60=0 0
               24100 clk=0 reset=1 dec=1 count60=0 0
               24150 clk=1 reset=1 dec=1 count60=0 0
               24200 clk=0 reset=1 dec=1 count60=0 0
               24250 clk=1 reset=1 dec=1 count60=0 0
               24300 clk=0 reset=1 dec=1 count60=0 0
               24350 clk=1 reset=1 dec=1 count60=0 0
               24400 clk=0 reset=1 dec=1 count60=0 0
               24450 clk=1 reset=1 dec=1 count60=0 0
               24500 clk=0 reset=1 dec=1 count60=0 0
               24550 clk=1 reset=1 dec=1 count60=0 0
               24600 clk=0 reset=1 dec=1 count60=0 0
               24650 clk=1 reset=1 dec=1 count60=0 0
               24700 clk=0 reset=1 dec=1 count60=0 0
               24750 clk=1 reset=1 dec=1 count60=0 0
               24800 clk=0 reset=1 dec=1 count60=0 0
               24850 clk=1 reset=1 dec=1 count60=0 0
               24900 clk=0 reset=1 dec=1 count60=0 0
               24950 clk=1 reset=1 dec=1 count60=0 0
               25000 clk=0 reset=1 dec=1 count60=0 0
               25050 clk=1 reset=1 dec=1 count60=0 0
               25100 clk=0 reset=1 dec=1 count60=0 0
               25150 clk=1 reset=1 dec=1 count60=0 0
               25200 clk=0 reset=1 dec=1 count60=0 0
               25250 clk=1 reset=1 dec=1 count60=0 0
               25300 clk=0 reset=1 dec=1 count60=0 0
               25350 clk=1 reset=1 dec=1 count60=0 0
               25400 clk=0 reset=1 dec=1 count60=0 0
               25450 clk=1 reset=1 dec=1 count60=0 0
               25500 clk=0 reset=1 dec=1 count60=0 0
               25550 clk=1 reset=1 dec=1 count60=0 0
               25600 clk=0 reset=1 dec=1 count60=0 0
               25650 clk=1 reset=1 dec=1 count60=0 0
               25700 clk=0 reset=1 dec=1 count60=0 0
               25750 clk=1 reset=1 dec=1 count60=0 0
               25800 clk=0 reset=1 dec=1 count60=0 0
               25850 clk=1 reset=1 dec=1 count60=0 0
               25900 clk=0 reset=1 dec=1 count60=0 0
               25950 clk=1 reset=1 dec=1 count60=0 0
               26000 clk=0 reset=1 dec=1 count60=0 0
               26050 clk=1 reset=1 dec=1 count60=0 0
               26100 clk=0 reset=1 dec=0 count60=0 0
               26150 clk=1 reset=1 dec=0 count60=0 0
               26200 clk=0 reset=1 dec=0 count60=0 0
               26250 clk=1 reset=1 dec=0 count60=0 0
               26300 clk=0 reset=1 dec=0 count60=0 0
               26350 clk=1 reset=1 dec=0 count60=0 0
               26400 clk=0 reset=1 dec=0 count60=0 0
               26450 clk=1 reset=1 dec=0 count60=0 0
               26500 clk=0 reset=1 dec=0 count60=0 0
               26550 clk=1 reset=1 dec=0 count60=0 0
               26600 clk=0 reset=1 dec=0 count60=0 0
               26650 clk=1 reset=1 dec=0 count60=0 0
               26700 clk=0 reset=1 dec=0 count60=0 0
               26750 clk=1 reset=1 dec=0 count60=0 0
               26800 clk=0 reset=1 dec=0 count60=0 0
               26850 clk=1 reset=1 dec=0 count60=0 0
               26900 clk=0 reset=1 dec=0 count60=0 0
               26950 clk=1 reset=1 dec=0 count60=0 0
               27000 clk=0 reset=1 dec=0 count60=0 0
               27050 clk=1 reset=1 dec=0 count60=0 0
               27100 clk=0 reset=1 dec=0 count60=0 0
               27150 clk=1 reset=1 dec=0 count60=0 0
               27200 clk=0 reset=1 dec=0 count60=0 0
               27250 clk=1 reset=1 dec=0 count60=0 0
               27300 clk=0 reset=1 dec=0 count60=0 0
               27350 clk=1 reset=1 dec=0 count60=0 0
               27400 clk=0 reset=1 dec=0 count60=0 0
               27450 clk=1 reset=1 dec=0 count60=0 0
               27500 clk=0 reset=1 dec=0 count60=0 0
               27550 clk=1 reset=1 dec=0 count60=0 0
               27600 clk=0 reset=1 dec=0 count60=0 0
               27650 clk=1 reset=1 dec=0 count60=0 0
               27700 clk=0 reset=1 dec=0 count60=0 0
               27750 clk=1 reset=1 dec=0 count60=0 0
               27800 clk=0 reset=1 dec=0 count60=0 0
               27850 clk=1 reset=1 dec=0 count60=0 0
               27900 clk=0 reset=1 dec=0 count60=0 0
               27950 clk=1 reset=1 dec=0 count60=0 0
               28000 clk=0 reset=1 dec=0 count60=0 0
               28050 clk=1 reset=1 dec=0 count60=0 0
               28100 clk=0 reset=1 dec=0 count60=0 0
               28150 clk=1 reset=1 dec=0 count60=0 0
               28200 clk=0 reset=1 dec=0 count60=0 0
               28250 clk=1 reset=1 dec=0 count60=0 0
               28300 clk=0 reset=1 dec=0 count60=0 0
               28350 clk=1 reset=1 dec=0 count60=0 0
               28400 clk=0 reset=1 dec=0 count60=0 0
               28450 clk=1 reset=1 dec=0 count60=0 0
               28500 clk=0 reset=1 dec=0 count60=0 0
               28550 clk=1 reset=1 dec=0 count60=0 0
               28600 clk=0 reset=1 dec=0 count60=0 0
               28650 clk=1 reset=1 dec=0 count60=0 0
               28700 clk=0 reset=1 dec=0 count60=0 0
               28750 clk=1 reset=1 dec=0 count60=0 0
               28800 clk=0 reset=1 dec=0 count60=0 0
               28850 clk=1 reset=1 dec=0 count60=0 0
               28900 clk=0 reset=1 dec=0 count60=0 0
               28950 clk=1 reset=1 dec=0 count60=0 0
               29000 clk=0 reset=1 dec=0 count60=0 0
               29050 clk=1 reset=1 dec=0 count60=0 0
               29100 clk=0 reset=1 dec=0 count60=0 0
               29150 clk=1 reset=1 dec=0 count60=0 0
               29200 clk=0 reset=1 dec=0 count60=0 0
               29250 clk=1 reset=1 dec=0 count60=0 0
               29300 clk=0 reset=1 dec=0 count60=0 0
               29350 clk=1 reset=1 dec=0 count60=0 0
               29400 clk=0 reset=1 dec=0 count60=0 0
               29450 clk=1 reset=1 dec=0 count60=0 0
               29500 clk=0 reset=1 dec=0 count60=0 0
               29550 clk=1 reset=1 dec=0 count60=0 0
               29600 clk=0 reset=1 dec=0 count60=0 0
               29650 clk=1 reset=1 dec=0 count60=0 0
               29700 clk=0 reset=1 dec=0 count60=0 0
               29750 clk=1 reset=1 dec=0 count60=0 0
               29800 clk=0 reset=1 dec=0 count60=0 0
               29850 clk=1 reset=1 dec=0 count60=0 0
               29900 clk=0 reset=1 dec=0 count60=0 0
               29950 clk=1 reset=1 dec=0 count60=0 0
               30000 clk=0 reset=1 dec=0 count60=0 0
               30050 clk=1 reset=1 dec=0 count60=0 0
$finish called at time : 30100 ns : File "Z:/github/Vivado/CNT60_ALL/TEST_CNT60_ALL.v" Line 20
