Vivado Simulator 2016.4
Time resolution is 1 ps
Rotary SW is  0

    ----
   |      |
        
   |      |
    ----    

Rotary SW is  1

        
          |
        
          |
            

Rotary SW is  2

    ----
          |
    ----
   |       
    ----    

Rotary SW is  3

    ----
          |
    ----
          |
    ----    

Rotary SW is  4

        
   |      |
    ----
          |
            

Rotary SW is  5

    ----
   |       
    ----
          |
    ----    

Rotary SW is  6

    ----
   |       
    ----
   |      |
    ----    

Rotary SW is  7

    ----
   |      |
        
          |
            

Rotary SW is  8

    ----
   |      |
    ----
   |      |
    ----    

Rotary SW is  9

    ----
   |      |
    ----
          |
    ----    

Rotary SW is 10

    ----
   |      |
    ----
   |      |
           *

Rotary SW is 11

        
   |       
    ----
   |      |
    ----   *

Rotary SW is 12

    ----
   |       
        
   |       
    ----   *

Rotary SW is 13

        
          |
    ----
   |      |
    ----   *

Rotary SW is 14

    ----
   |       
    ----
   |       
    ----   *

Rotary SW is 15

    ----
   |       
    ----
   |       
           *

