


ARM Macro Assembler    Page 1 


    1 00000000         ;*******************************************************
                       ************************
    2 00000000         ; template for asm exerciseÅ@with RAM AREA
    3 00000000         ;*******************************************************
                       ************************
    4 00000000         
    5 00000000         
    6 00000000 00000400 
                       Stack_Size
                               EQU              0x00000400
    7 00000000         
    8 00000000 40010800 
                       GPIOA_CRL
                               EQU              0x40010800
    9 00000000 40010804 
                       GPIOA_CRH
                               EQU              0x40010804
   10 00000000 40010808 
                       GPIOA_IDR
                               EQU              0x40010808
   11 00000000 4001080C 
                       GPIOA_ODR
                               EQU              0x4001080C
   12 00000000 40010C00 
                       GPIOB_CRL
                               EQU              0x40010C00
   13 00000000 40010C04 
                       GPIOB_CRH
                               EQU              0x40010C04
   14 00000000 40010C08 
                       GPIOB_IDR
                               EQU              0x40010C08
   15 00000000 40010C0C 
                       GPIOB_ODR
                               EQU              0x40010C0C
   16 00000000 40021018 
                       RCC_APB2ENR
                               EQU              0x40021018
   17 00000000 40010004 
                       AFIO_MAPR
                               EQU              0x40010004
   18 00000000         
   19 00000000         
   20 00000000                 AREA             STACK, NOINIT, READWRITE, ALIGN
=3 
                                                            ;<--STACKÉZÉNÉVÉáÉì
                                                            ÇÕREADWRITEÇ≈RAMè„Ç
                                                            …
   21 00000000         Stack_Mem
                               SPACE            Stack_Size
   22 00000400         __initial_sp
   23 00000400         
   24 00000400         
   25 00000400                 PRESERVE8
   26 00000400                 THUMB
   27 00000400         
   28 00000400         
   29 00000400         ; Vector Table Mapped to Address 0 at Reset
   30 00000400                 AREA             RESET, DATA, READONLY ;<--Ç±Ç±Ç



ARM Macro Assembler    Page 2 


                                                            ©ÇÁêÊÇÕRESETÉZÉNÉVÉ
                                                            áÉìÇ≈READONLYÇ»ÇÃÇ≈
                                                            ROMè„Ç…
   31 00000000                 EXPORT           __Vectors
   32 00000000         
   33 00000000 00000000 
                       __Vectors
                               DCD              __initial_sp ; Top of Stack
   34 00000004 00000000        DCD              Reset_Handler ; Reset Handler
   35 00000008 00000000        DCD              NMI_Handler ; NMI Handler
   36 0000000C 00000000        DCD              HardFault_Handler ; Hard Fault 
                                                            Handler
   37 00000010 00000000        DCD              MemManage_Handler 
                                                            ; MPU Fault Handler
                                                            
   38 00000014 00000000        DCD              BusFault_Handler 
                                                            ; Bus Fault Handler
                                                            
   39 00000018 00000000        DCD              UsageFault_Handler ; Usage Faul
                                                            t Handler
   40 0000001C 00000000        DCD              0           ; Reserved
   41 00000020 00000000        DCD              0           ; Reserved
   42 00000024 00000000        DCD              0           ; Reserved
   43 00000028 00000000        DCD              0           ; Reserved
   44 0000002C 00000000        DCD              SVC_Handler ; SVCall Handler
   45 00000030 00000000        DCD              DebugMon_Handler ; Debug Monito
                                                            r Handler
   46 00000034 00000000        DCD              0           ; Reserved
   47 00000038 00000000        DCD              PendSV_Handler ; PendSV Handler
                                                            
   48 0000003C 00000000        DCD              SysTick_Handler 
                                                            ; SysTick Handler
   49 00000040         
   50 00000040         
   51 00000040                 AREA             |.text|, CODE, READONLY ;<--Ç±Ç
                                                            ±Ç©ÇÁÇÕÉvÉçÉOÉâÉÄÇÃ
                                                            ñ{ëÃÅAREADONLYÇ»ÇÃÇ
                                                            ≈ROMè„Ç…
   52 00000000         
   53 00000000         ; Reset handler
   54 00000000         Reset_Handler
                               PROC
   55 00000000                 EXPORT           Reset_Handler             [WEAK
]
   56 00000000         ; ******************************************************
                       ***************
   57 00000000         ; kadai program is here    
   58 00000000         ; ******************************************************
                       ***************
   59 00000000 4C30            LDR              R4,=RCC_APB2ENR ;É|Å|ÉgÇÃèâä˙âª
                                                            
   60 00000002 F04F 050C       MOV              R5,#0X0C
   61 00000006 6025            STR              R5,[R4]
   62 00000008 F04F 3133       LDR              R1,=0X33333333
   63 0000000C 4A2E            LDR              R2,=GPIOA_CRL
   64 0000000E 6011            STR              R1,[R2]
   65 00000010         
   66 00000010 F04F 3144       LDR              R1,=0x44444444
   67 00000014 4A2D            LDR              R2,=GPIOA_CRH



ARM Macro Assembler    Page 3 


   68 00000016 6011            STR              R1,[R2]
   69 00000018         
   70 00000018 4C2D            LDR              R4,=AFIO_MAPR
   71 0000001A F04F 7500       LDR              R5,=0x02000000
   72 0000001E 6025            STR              R5,[R4]
   73 00000020 4C2C            LDR              R4,=GPIOB_CRL
   74 00000022 F04F 3533       LDR              R5,=0x33333333
   75 00000026 6025            STR              R5,[R4]
   76 00000028 4C2B            LDR              R4,=GPIOB_ODR
   77 0000002A F04F 0500       LDR              R5,=0x0000
   78 0000002E 6025            STR              R5,[R4]
   79 00000030         
   80 00000030 4B2A            LDR              R3,=GPIOA_ODR
   81 00000032         LOOP
   82 00000032 4E2B            LDR              R6,=data
   83 00000034 4F2B            LDR              R7,=dataend
   84 00000036         LOOP1
   85 00000036 6830            LDR              R0,[R6]
   86 00000038 4680            MOV              R8,R0
   87 0000003A 6018            STR              R0,[R3]
   88 0000003C F000 F818       BL               DELAY
   89 00000040 F000 F816       BL               DELAY
   90 00000044 F000 F814       BL               DELAY
   91 00000048 F000 F812       BL               DELAY
   92 0000004C F000 F810       BL               DELAY
   93 00000050 F000 F80E       BL               DELAY
   94 00000054 F000 F80C       BL               DELAY
   95 00000058 F000 F80A       BL               DELAY
   96 0000005C F000 F808       BL               DELAY
   97 00000060 F000 F806       BL               DELAY
   98 00000064         
   99 00000064 F106 0604       ADD              R6,#4
  100 00000068         
  101 00000068 42BE            CMP              R6,R7
  102 0000006A D1E4            BNE              LOOP1
  103 0000006C D0E1            BEQ              LOOP
  104 0000006E         
  105 0000006E E7FE            B                .
  106 00000070         
  107 00000070         DELAY
  108 00000070         
  109 00000070 B401            PUSH             {R0}
  110 00000072         
  111 00000072 F64F 70FF       LDR              R0,=0xFFFF
  112 00000076         
  113 00000076         DELAY_LOOP
  114 00000076         
  115 00000076 F1A0 0001       SUB              R0,#1
  116 0000007A         
  117 0000007A 2800            CMP              R0,#0
  118 0000007C         
  119 0000007C D1FB            BNE              DELAY_LOOP
  120 0000007E         
  121 0000007E BC01            POP              {R0}
  122 00000080         
  123 00000080 4770            BX               LR
  124 00000082         
  125 00000082         
  126 00000082         



ARM Macro Assembler    Page 4 


  127 00000082         ;  ALIGN 4  ; <-- Ç±Ç±Ç≈ÇSÉoÉCÉgãÊêÿÇËÇ…í≤êÆ
  128 00000082         
  129 00000082                 ENDP
  130 00000082         
  131 00000082 00 00 000000C0 
                       data    DCD              0xC0
  132 00000088 000000F9        DCD              0xF9
  133 0000008C 000000A4        DCD              0xA4
  134 00000090 000000B0        DCD              0xB0
  135 00000094 00000099        DCD              0x99
  136 00000098 00000092        DCD              0x92
  137 0000009C 000000D8        DCD              0xD8
  138 000000A0 000000D7        DCD              0xD7
  139 000000A4 00000080        DCD              0x80
  140 000000A8 00000090        DCD              0x90
  141 000000AC 00000008        DCD              0x08
  142 000000B0 00000003        DCD              0x03
  143 000000B4 00000086        DCD              0x86
  144 000000B8 00000021        DCD              0x21
  145 000000BC 00000006        DCD              0x06
  146 000000C0 0000000D        DCD              0x0D
  147 000000C4         dataend
  148 000000C4         
  149 000000C4         ;  AREA MyData, DATA, READWRITE ;<--MyDataÉZÉNÉVÉáÉìÇÕÅA
                       DATAÇ≈RAMè„Ç…
  150 000000C4         
  151 000000C4         ;ans1  space  8
  152 000000C4         ;ans2  space  8
  153 000000C4         ;endans
  154 000000C4         
  155 000000C4         
  156 000000C4         
  157 000000C4 40021018 
              40010800 
              40010804 
              40010004 
              40010C00 
              40010C0C 
              4001080C 
              00000000 
              00000000         AREA             Handlers, CODE, READONLY ;<--Ha
                                                            ndlersÉZÉNÉVÉáÉìÇÕR
                                                            OMè„Ç…
  158 00000000         
  159 00000000         ; Dummy Exception Handlers (infinite loops which can be 
                       modified)
  160 00000000         
  161 00000000         NMI_Handler
                               PROC
  162 00000000                 EXPORT           NMI_Handler                [WEA
K]
  163 00000000 E7FE            B                .
  164 00000002                 ENDP
  166 00000002         HardFault_Handler
                               PROC
  167 00000002                 EXPORT           HardFault_Handler          [WEA
K]
  168 00000002 E7FE            B                .
  169 00000004                 ENDP



ARM Macro Assembler    Page 5 


  171 00000004         MemManage_Handler
                               PROC
  172 00000004                 EXPORT           MemManage_Handler          [WEA
K]
  173 00000004 E7FE            B                .
  174 00000006                 ENDP
  176 00000006         BusFault_Handler
                               PROC
  177 00000006                 EXPORT           BusFault_Handler           [WEA
K]
  178 00000006 E7FE            B                .
  179 00000008                 ENDP
  181 00000008         UsageFault_Handler
                               PROC
  182 00000008                 EXPORT           UsageFault_Handler         [WEA
K]
  183 00000008 E7FE            B                .
  184 0000000A                 ENDP
  185 0000000A         SVC_Handler
                               PROC
  186 0000000A                 EXPORT           SVC_Handler                [WEA
K]
  187 0000000A E7FE            B                .
  188 0000000C                 ENDP
  190 0000000C         DebugMon_Handler
                               PROC
  191 0000000C                 EXPORT           DebugMon_Handler           [WEA
K]
  192 0000000C E7FE            B                .
  193 0000000E                 ENDP
  194 0000000E         PendSV_Handler
                               PROC
  195 0000000E                 EXPORT           PendSV_Handler             [WEA
K]
  196 0000000E E7FE            B                .
  197 00000010                 ENDP
  198 00000010         SysTick_Handler
                               PROC
  199 00000010                 EXPORT           SysTick_Handler            [WEA
K]
  200 00000010 E7FE            B                .
  201 00000012                 ENDP
  202 00000012         
  203 00000012         
  204 00000012                 END
Command Line: --debug --xref --diag_suppress=9931 --cpu=Cortex-M3 --apcs=interw
ork --depend=.\objects\asm_7seg.d -o.\objects\asm_7seg.o -I.\RTE\_Target_1 -IC:
\Keil_v5\ARM\PACK\Keil\STM32F1xx_DFP\2.2.0\Device\Include -IC:\Keil_v5\ARM\CMSI
S\Include --predefine="__UVISION_VERSION SETA 524" --predefine="STM32F10X_MD_VL
 SETA 1" --list=.\listings\asm_7seg.lst asm_7seg.s



ARM Macro Assembler    Page 1 Alphabetic symbol ordering
Relocatable symbols

STACK 00000000

Symbol: STACK
   Definitions
      At line 20 in file asm_7seg.s
   Uses
      None
Comment: STACK unused
Stack_Mem 00000000

Symbol: Stack_Mem
   Definitions
      At line 21 in file asm_7seg.s
   Uses
      None
Comment: Stack_Mem unused
__initial_sp 00000400

Symbol: __initial_sp
   Definitions
      At line 22 in file asm_7seg.s
   Uses
      At line 33 in file asm_7seg.s
Comment: __initial_sp used once
3 symbols



ARM Macro Assembler    Page 1 Alphabetic symbol ordering
Relocatable symbols

RESET 00000000

Symbol: RESET
   Definitions
      At line 30 in file asm_7seg.s
   Uses
      None
Comment: RESET unused
__Vectors 00000000

Symbol: __Vectors
   Definitions
      At line 33 in file asm_7seg.s
   Uses
      At line 31 in file asm_7seg.s
Comment: __Vectors used once
2 symbols



ARM Macro Assembler    Page 1 Alphabetic symbol ordering
Relocatable symbols

.text 00000000

Symbol: .text
   Definitions
      At line 51 in file asm_7seg.s
   Uses
      None
Comment: .text unused
DELAY 00000070

Symbol: DELAY
   Definitions
      At line 107 in file asm_7seg.s
   Uses
      At line 88 in file asm_7seg.s
      At line 89 in file asm_7seg.s
      At line 90 in file asm_7seg.s
      At line 91 in file asm_7seg.s
      At line 92 in file asm_7seg.s
      At line 93 in file asm_7seg.s
      At line 94 in file asm_7seg.s
      At line 95 in file asm_7seg.s
      At line 96 in file asm_7seg.s
      At line 97 in file asm_7seg.s

DELAY_LOOP 00000076

Symbol: DELAY_LOOP
   Definitions
      At line 113 in file asm_7seg.s
   Uses
      At line 119 in file asm_7seg.s
Comment: DELAY_LOOP used once
LOOP 00000032

Symbol: LOOP
   Definitions
      At line 81 in file asm_7seg.s
   Uses
      At line 103 in file asm_7seg.s
Comment: LOOP used once
LOOP1 00000036

Symbol: LOOP1
   Definitions
      At line 84 in file asm_7seg.s
   Uses
      At line 102 in file asm_7seg.s
Comment: LOOP1 used once
Reset_Handler 00000000

Symbol: Reset_Handler
   Definitions
      At line 54 in file asm_7seg.s
   Uses
      At line 34 in file asm_7seg.s
      At line 55 in file asm_7seg.s

data 00000084



ARM Macro Assembler    Page 2 Alphabetic symbol ordering
Relocatable symbols


Symbol: data
   Definitions
      At line 131 in file asm_7seg.s
   Uses
      At line 82 in file asm_7seg.s
Comment: data used once
dataend 000000C4

Symbol: dataend
   Definitions
      At line 147 in file asm_7seg.s
   Uses
      At line 83 in file asm_7seg.s
Comment: dataend used once
8 symbols



ARM Macro Assembler    Page 1 Alphabetic symbol ordering
Relocatable symbols

BusFault_Handler 00000006

Symbol: BusFault_Handler
   Definitions
      At line 176 in file asm_7seg.s
   Uses
      At line 38 in file asm_7seg.s
      At line 177 in file asm_7seg.s

DebugMon_Handler 0000000C

Symbol: DebugMon_Handler
   Definitions
      At line 190 in file asm_7seg.s
   Uses
      At line 45 in file asm_7seg.s
      At line 191 in file asm_7seg.s

Handlers 00000000

Symbol: Handlers
   Definitions
      At line 157 in file asm_7seg.s
   Uses
      None
Comment: Handlers unused
HardFault_Handler 00000002

Symbol: HardFault_Handler
   Definitions
      At line 166 in file asm_7seg.s
   Uses
      At line 36 in file asm_7seg.s
      At line 167 in file asm_7seg.s

MemManage_Handler 00000004

Symbol: MemManage_Handler
   Definitions
      At line 171 in file asm_7seg.s
   Uses
      At line 37 in file asm_7seg.s
      At line 172 in file asm_7seg.s

NMI_Handler 00000000

Symbol: NMI_Handler
   Definitions
      At line 161 in file asm_7seg.s
   Uses
      At line 35 in file asm_7seg.s
      At line 162 in file asm_7seg.s

PendSV_Handler 0000000E

Symbol: PendSV_Handler
   Definitions
      At line 194 in file asm_7seg.s
   Uses



ARM Macro Assembler    Page 2 Alphabetic symbol ordering
Relocatable symbols

      At line 47 in file asm_7seg.s
      At line 195 in file asm_7seg.s

SVC_Handler 0000000A

Symbol: SVC_Handler
   Definitions
      At line 185 in file asm_7seg.s
   Uses
      At line 44 in file asm_7seg.s
      At line 186 in file asm_7seg.s

SysTick_Handler 00000010

Symbol: SysTick_Handler
   Definitions
      At line 198 in file asm_7seg.s
   Uses
      At line 48 in file asm_7seg.s
      At line 199 in file asm_7seg.s

UsageFault_Handler 00000008

Symbol: UsageFault_Handler
   Definitions
      At line 181 in file asm_7seg.s
   Uses
      At line 39 in file asm_7seg.s
      At line 182 in file asm_7seg.s

10 symbols



ARM Macro Assembler    Page 1 Alphabetic symbol ordering
Absolute symbols

AFIO_MAPR 40010004

Symbol: AFIO_MAPR
   Definitions
      At line 17 in file asm_7seg.s
   Uses
      At line 70 in file asm_7seg.s
Comment: AFIO_MAPR used once
GPIOA_CRH 40010804

Symbol: GPIOA_CRH
   Definitions
      At line 9 in file asm_7seg.s
   Uses
      At line 67 in file asm_7seg.s
Comment: GPIOA_CRH used once
GPIOA_CRL 40010800

Symbol: GPIOA_CRL
   Definitions
      At line 8 in file asm_7seg.s
   Uses
      At line 63 in file asm_7seg.s
Comment: GPIOA_CRL used once
GPIOA_IDR 40010808

Symbol: GPIOA_IDR
   Definitions
      At line 10 in file asm_7seg.s
   Uses
      None
Comment: GPIOA_IDR unused
GPIOA_ODR 4001080C

Symbol: GPIOA_ODR
   Definitions
      At line 11 in file asm_7seg.s
   Uses
      At line 80 in file asm_7seg.s
Comment: GPIOA_ODR used once
GPIOB_CRH 40010C04

Symbol: GPIOB_CRH
   Definitions
      At line 13 in file asm_7seg.s
   Uses
      None
Comment: GPIOB_CRH unused
GPIOB_CRL 40010C00

Symbol: GPIOB_CRL
   Definitions
      At line 12 in file asm_7seg.s
   Uses
      At line 73 in file asm_7seg.s
Comment: GPIOB_CRL used once
GPIOB_IDR 40010C08

Symbol: GPIOB_IDR



ARM Macro Assembler    Page 2 Alphabetic symbol ordering
Absolute symbols

   Definitions
      At line 14 in file asm_7seg.s
   Uses
      None
Comment: GPIOB_IDR unused
GPIOB_ODR 40010C0C

Symbol: GPIOB_ODR
   Definitions
      At line 15 in file asm_7seg.s
   Uses
      At line 76 in file asm_7seg.s
Comment: GPIOB_ODR used once
RCC_APB2ENR 40021018

Symbol: RCC_APB2ENR
   Definitions
      At line 16 in file asm_7seg.s
   Uses
      At line 59 in file asm_7seg.s
Comment: RCC_APB2ENR used once
Stack_Size 00000400

Symbol: Stack_Size
   Definitions
      At line 6 in file asm_7seg.s
   Uses
      At line 21 in file asm_7seg.s
Comment: Stack_Size used once
11 symbols
368 symbols in table
